Log file open, 02/24/23 14:04:52
LogWindows: Failed to load 'aqProf.dll' (GetLastError=126)
LogWindows: File 'aqProf.dll' does not exist
LogWindows: Failed to load 'VtuneApi.dll' (GetLastError=126)
LogWindows: File 'VtuneApi.dll' does not exist
LogWindows: Failed to load 'VtuneApi32e.dll' (GetLastError=126)
LogWindows: File 'VtuneApi32e.dll' does not exist
LogConsoleResponse: Display: Failed to find resolution value strings in scalability ini. Falling back to default.
LogConsoleResponse: Display: Failed to find resolution value strings in scalability ini. Falling back to default.
LogInit: Display: Running engine for game: Engine_Project
LogPlatformFile: Not using cached read wrapper
LogTaskGraph: Started task graph with 5 named threads and 47 total threads with 3 sets of task threads.
LogStats: Stats thread started at 0.193492
LogICUInternationalization: ICU TimeZone Detection - Raw Offset: +0:00, Platform Override: ''
LogInit: Display: Loading text-based GConfig....
LogPluginManager: Mounting plugin MeshPainting
LogPluginManager: Mounting plugin XGEController
LogPluginManager: Mounting plugin Paper2D
LogPluginManager: Mounting plugin AISupport
LogPluginManager: Mounting plugin EnvironmentQueryEditor
LogPluginManager: Mounting plugin LiveLink
LogPluginManager: Mounting plugin LightPropagationVolume
LogPluginManager: Mounting plugin CameraShakePreviewer
LogPluginManager: Mounting plugin GameplayCameras
LogPluginManager: Mounting plugin OodleData
LogPluginManager: Mounting plugin OodleNetwork
LogPluginManager: Mounting plugin CryptoKeys
LogPluginManager: Mounting plugin CurveEditorTools
LogPluginManager: Mounting plugin AssetManagerEditor
LogPluginManager: Mounting plugin GameplayTagsEditor
LogPluginManager: Mounting plugin FacialAnimation
LogPluginManager: Mounting plugin DataValidation
LogPluginManager: Mounting plugin GeometryMode
LogPluginManager: Mounting plugin MacGraphicsSwitching
LogPluginManager: Mounting plugin PluginBrowser
LogPluginManager: Mounting plugin MaterialAnalyzer
LogPluginManager: Mounting plugin MobileLauncherProfileWizard
LogPluginManager: Mounting plugin SpeedTreeImporter
LogPluginManager: Mounting plugin AnimationSharing
LogPluginManager: Mounting plugin DatasmithContent
LogPluginManager: Mounting plugin VariantManagerContent
LogPluginManager: Mounting plugin CLionSourceCodeAccess
LogPluginManager: Mounting plugin KDevelopSourceCodeAccess
LogPluginManager: Mounting plugin NullSourceCodeAccess
LogPluginManager: Mounting plugin CodeLiteSourceCodeAccess
LogPluginManager: Mounting plugin GitSourceControl
LogPluginManager: Mounting plugin PlasticSourceControl
LogPluginManager: Mounting plugin PerforceSourceControl
LogPluginManager: Mounting plugin PropertyAccessNode
LogPluginManager: Mounting plugin PluginUtils
LogPluginManager: Mounting plugin PixWinPlugin
LogPluginManager: Mounting plugin RiderSourceCodeAccess
LogPluginManager: Mounting plugin SubversionSourceControl
LogPluginManager: Mounting plugin TextureFormatOodle
LogPluginManager: Mounting plugin UObjectPlugin
LogPluginManager: Mounting plugin VisualStudioSourceCodeAccess
LogPluginManager: Mounting plugin VisualStudioCodeSourceCodeAccess
LogPluginManager: Mounting plugin Niagara
LogPluginManager: Mounting plugin XCodeSourceCodeAccess
LogPluginManager: Mounting plugin LuminPlatformFeatures
LogPluginManager: Mounting plugin MagicLeap
LogPluginManager: Mounting plugin MagicLeapLightEstimation
LogPluginManager: Mounting plugin MagicLeapMedia
LogPluginManager: Mounting plugin MagicLeapPassableWorld
LogPluginManager: Mounting plugin MLSDK
LogPluginManager: Mounting plugin AndroidMedia
LogPluginManager: Mounting plugin AlembicImporter
LogPluginManager: Mounting plugin AutomationUtils
LogPluginManager: Mounting plugin BackChannel
LogPluginManager: Mounting plugin AvfMedia
LogPluginManager: Mounting plugin ChaosCloth
LogPluginManager: Mounting plugin ChaosClothEditor
LogPluginManager: Mounting plugin ChaosEditor
LogPluginManager: Mounting plugin ChaosNiagara
LogPluginManager: Mounting plugin ImgMedia
LogPluginManager: Mounting plugin MediaCompositing
LogPluginManager: Mounting plugin ChaosSolverPlugin
LogPluginManager: Mounting plugin CharacterAI
LogPluginManager: Mounting plugin MediaPlayerEditor
LogPluginManager: Mounting plugin WebMMedia
LogPluginManager: Mounting plugin WmfMedia
LogPluginManager: Mounting plugin GeometryCache
LogPluginManager: Mounting plugin GeometryCollectionPlugin
LogPluginManager: Mounting plugin GeometryProcessing
LogPluginManager: Mounting plugin MotoSynth
LogPluginManager: Mounting plugin PlatformCrypto
LogPluginManager: Mounting plugin OpenImageDenoise
LogPluginManager: Mounting plugin PlanarCut
LogPluginManager: Mounting plugin ProxyLODPlugin
LogPluginManager: Mounting plugin PythonScriptPlugin
LogPluginManager: Mounting plugin SkeletalReduction
LogPluginManager: Mounting plugin TcpMessaging
LogPluginManager: Mounting plugin UdpMessaging
LogPluginManager: Mounting plugin ActorSequence
LogPluginManager: Mounting plugin LevelSequenceEditor
LogPluginManager: Mounting plugin MatineeToLevelSequence
LogPluginManager: Mounting plugin TemplateSequence
LogPluginManager: Mounting plugin OnlineSubsystem
LogPluginManager: Mounting plugin OnlineSubsystemNull
LogPluginManager: Mounting plugin OnlineSubsystemUtils
LogPluginManager: Mounting plugin ActorLayerUtilities
LogPluginManager: Mounting plugin AndroidDeviceProfileSelector
LogPluginManager: Mounting plugin AndroidMoviePlayer
LogPluginManager: Mounting plugin AndroidPermission
LogPluginManager: Mounting plugin AppleMoviePlayer
LogPluginManager: Mounting plugin AppleImageUtils
LogPluginManager: Mounting plugin ArchVisCharacter
LogPluginManager: Mounting plugin AssetTags
LogPluginManager: Mounting plugin AudioCapture
LogPluginManager: Mounting plugin AudioSynesthesia
LogPluginManager: Mounting plugin CableComponent
LogPluginManager: Mounting plugin CustomMeshComponent
LogPluginManager: Mounting plugin ChunkDownloader
LogPluginManager: Mounting plugin LauncherChunkInstaller
LogPluginManager: Mounting plugin EditableMesh
LogPluginManager: Mounting plugin ExampleDeviceProfileSelector
LogPluginManager: Mounting plugin GoogleCloudMessaging
LogPluginManager: Mounting plugin GooglePAD
LogPluginManager: Mounting plugin IOSDeviceProfileSelector
LogPluginManager: Mounting plugin LinuxDeviceProfileSelector
LogPluginManager: Mounting plugin LocationServicesBPLibrary
LogPluginManager: Mounting plugin MobilePatchingUtils
LogPluginManager: Mounting plugin OpenXR
LogPluginManager: Mounting plugin OpenXRHandTracking
LogPluginManager: Mounting plugin OpenXREyeTracker
LogPluginManager: Mounting plugin PhysXVehicles
LogPluginManager: Mounting plugin PostSplashScreen
LogPluginManager: Mounting plugin ProceduralMeshComponent
LogPluginManager: Mounting plugin PropertyAccessEditor
LogPluginManager: Mounting plugin SignificanceManager
LogPluginManager: Mounting plugin RuntimePhysXCooking
LogPluginManager: Mounting plugin SoundFields
LogPluginManager: Mounting plugin Synthesis
LogPluginManager: Mounting plugin WebMMoviePlayer
LogPluginManager: Mounting plugin WindowsMoviePlayer
LogPluginManager: Mounting plugin ScreenshotTools
LogPluginManager: Mounting plugin Takes
LogPluginManager: Mounting plugin ContentBrowserAssetDataSource
LogPluginManager: Mounting plugin ContentBrowserClassDataSource
LogPluginManager: Mounting plugin ContentBrowserFileDataSource
LogPluginManager: Mounting plugin OnlineSubsystemGooglePlay
LogPluginManager: Mounting plugin OnlineSubsystemIOS
LogPluginManager: Mounting plugin OculusVR
LogPluginManager: Mounting plugin SteamVR
PixWinPlugin: PIX capture plugin failed to initialize! Check that the process is launched from PIX.
LogInit: Using libcurl 7.55.1-DEV
LogInit:  - built for x86_64-pc-win32
LogInit:  - supports SSL with OpenSSL/1.1.1
LogInit:  - supports HTTP deflate (compression) using libz 1.2.8
LogInit:  - other features:
LogInit:      CURL_VERSION_SSL
LogInit:      CURL_VERSION_LIBZ
LogInit:      CURL_VERSION_IPV6
LogInit:      CURL_VERSION_ASYNCHDNS
LogInit:      CURL_VERSION_LARGEFILE
LogInit:      CURL_VERSION_IDN
LogInit:  CurlRequestOptions (configurable via config and command line):
LogInit:  - bVerifyPeer = true  - Libcurl will verify peer certificate
LogInit:  - bUseHttpProxy = false  - Libcurl will NOT use HTTP proxy
LogInit:  - bDontReuseConnections = false  - Libcurl will reuse connections
LogInit:  - MaxHostConnections = 16  - Libcurl will limit the number of connections to a host
LogInit:  - LocalHostAddr = Default
LogInit:  - BufferSize = 65536
LogOnline: OSS: Creating online subsystem instance for: NULL
LogInit: WinSock: version 1.1 (2.2), MaxSocks=32767, MaxUdp=65467
LogOnline: OSS: TryLoadSubsystemAndSetDefault: Loaded subsystem for module [NULL]
LogOculusPluginWrapper: OculusPlugin initialized successfully
LogHMD: Failed initializing OVRPlugin 1.59.0
LogInit: Build: ++UE4+Release-4.27-CL-18319896
LogInit: Engine Version: 4.27.2-18319896+++UE4+Release-4.27
LogInit: Compatible Engine Version: 4.27.0-17155196+++UE4+Release-4.27
LogInit: Net CL: 17155196
LogInit: OS: Windows 10 (Release 2009) (), CPU: 11th Gen Intel(R) Core(TM) i7-11800H @ 2.30GHz, GPU: Intel(R) UHD Graphics
LogInit: Compiled (64-bit): Nov 30 2021 07:12:08
LogInit: Compiled with Visual C++: 19.24.28315.00
LogInit: Build Configuration: Development
LogInit: Branch Name: ++UE4+Release-4.27
LogInit: Command Line: 
LogInit: Base Directory: C:/Program Files/Epic Games/UE_4.27/Engine/Binaries/Win64/
LogInit: Allocator: TBB
LogInit: Installed Engine Build: 1
LogDevObjectVersion: Number of dev versions registered: 29
LogDevObjectVersion:   Dev-Blueprints (B0D832E4-1F89-4F0D-ACCF-7EB736FD4AA2): 10
LogDevObjectVersion:   Dev-Build (E1C64328-A22C-4D53-A36C-8E866417BD8C): 0
LogDevObjectVersion:   Dev-Core (375EC13C-06E4-48FB-B500-84F0262A717E): 4
LogDevObjectVersion:   Dev-Editor (E4B068ED-F494-42E9-A231-DA0B2E46BB41): 40
LogDevObjectVersion:   Dev-Framework (CFFC743F-43B0-4480-9391-14DF171D2073): 37
LogDevObjectVersion:   Dev-Mobile (B02B49B5-BB20-44E9-A304-32B752E40360): 3
LogDevObjectVersion:   Dev-Networking (A4E4105C-59A1-49B5-A7C5-40C4547EDFEE): 0
LogDevObjectVersion:   Dev-Online (39C831C9-5AE6-47DC-9A44-9C173E1C8E7C): 0
LogDevObjectVersion:   Dev-Physics (78F01B33-EBEA-4F98-B9B4-84EACCB95AA2): 14
LogDevObjectVersion:   Dev-Platform (6631380F-2D4D-43E0-8009-CF276956A95A): 0
LogDevObjectVersion:   Dev-Rendering (12F88B9F-8875-4AFC-A67C-D90C383ABD29): 45
LogDevObjectVersion:   Dev-Sequencer (7B5AE74C-D270-4C10-A958-57980B212A5A): 13
LogDevObjectVersion:   Dev-VR (D7296918-1DD6-4BDD-9DE2-64A83CC13884): 3
LogDevObjectVersion:   Dev-LoadTimes (C2A15278-BFE7-4AFE-6C17-90FF531DF755): 1
LogDevObjectVersion:   Private-Geometry (6EACA3D4-40EC-4CC1-B786-8BED09428FC5): 3
LogDevObjectVersion:   Dev-AnimPhys (29E575DD-E0A3-4627-9D10-D276232CDCEA): 17
LogDevObjectVersion:   Dev-Anim (AF43A65D-7FD3-4947-9873-3E8ED9C1BB05): 15
LogDevObjectVersion:   Dev-ReflectionCapture (6B266CEC-1EC7-4B8F-A30B-E4D90942FC07): 1
LogDevObjectVersion:   Dev-Automation (0DF73D61-A23F-47EA-B727-89E90C41499A): 1
LogDevObjectVersion:   FortniteMain (601D1886-AC64-4F84-AA16-D3DE0DEAC7D6): 47
LogDevObjectVersion:   FortniteRelease (E7086368-6B23-4C58-8439-1B7016265E91): 1
LogDevObjectVersion:   Dev-Enterprise (9DFFBCD6-494F-0158-E221-12823C92A888): 10
LogDevObjectVersion:   Dev-Niagara (F2AED0AC-9AFE-416F-8664-AA7FFA26D6FC): 1
LogDevObjectVersion:   Dev-Destruction (174F1F0B-B4C6-45A5-B13F-2EE8D0FB917D): 10
LogDevObjectVersion:   Dev-Physics-Ext (35F94A83-E258-406C-A318-09F59610247C): 41
LogDevObjectVersion:   Dev-PhysicsMaterial-Chaos (B68FC16E-8B1B-42E2-B453-215C058844FE): 1
LogDevObjectVersion:   Dev-CineCamera (B2E18506-4273-CFC2-A54E-F4BB758BBA07): 1
LogDevObjectVersion:   Dev-VirtualProduction (64F58936-FD1B-42BA-BA96-7289D5D0FA4E): 1
LogDevObjectVersion:   Dev-MediaFramework (6F0ED827-A609-4895-9C91-998D90180EA4): 2
LogInit: Presizing for max 25165824 objects, including 0 objects not considered by GC, pre-allocating 0 bytes for permanent pool.
LogConfig: Applying CVar settings from Section [/Script/Engine.StreamingSettings] File [C:/Users/moniq/OneDrive/Documents/Unreal Projects/Progressive-Game-Engine-Project/Engine_Project/Saved/Config/Windows/Engine.ini]
LogConfig: Setting CVar [[s.MinBulkDataSizeForAsyncLoading:131072]]
LogConfig: Setting CVar [[s.AsyncLoadingThreadEnabled:0]]
LogConfig: Setting CVar [[s.EventDrivenLoaderEnabled:1]]
LogConfig: Setting CVar [[s.WarnIfTimeLimitExceeded:0]]
LogConfig: Setting CVar [[s.TimeLimitExceededMultiplier:1.5]]
LogConfig: Setting CVar [[s.TimeLimitExceededMinTime:0.005]]
LogConfig: Setting CVar [[s.UseBackgroundLevelStreaming:1]]
LogConfig: Setting CVar [[s.PriorityAsyncLoadingExtraTime:15.0]]
LogConfig: Setting CVar [[s.LevelStreamingActorsUpdateTimeLimit:5.0]]
LogConfig: Setting CVar [[s.PriorityLevelStreamingActorsUpdateExtraTime:5.0]]
LogConfig: Setting CVar [[s.LevelStreamingComponentsRegistrationGranularity:10]]
LogConfig: Setting CVar [[s.UnregisterComponentsTimeLimit:1.0]]
LogConfig: Setting CVar [[s.LevelStreamingComponentsUnregistrationGranularity:5]]
LogConfig: Setting CVar [[s.FlushStreamingOnExit:1]]
LogInit: Object subsystem initialized
LogConfig: Setting CVar [[con.DebugEarlyDefault:1]]
LogConfig: Setting CVar [[r.setres:1280x720]]
[2023.02.24-14.04.52:835][  0]LogConfig: Setting CVar [[r.VSync:0]]
[2023.02.24-14.04.52:835][  0]LogConfig: Setting CVar [[r.RHICmdBypass:0]]
[2023.02.24-14.04.52:835][  0]LogConfig: Applying CVar settings from Section [/Script/Engine.RendererSettings] File [C:/Users/moniq/OneDrive/Documents/Unreal Projects/Progressive-Game-Engine-Project/Engine_Project/Saved/Config/Windows/Engine.ini]
[2023.02.24-14.04.52:835][  0]LogConfig: Setting CVar [[r.GPUCrashDebugging:0]]
[2023.02.24-14.04.52:835][  0]LogConfig: Applying CVar settings from Section [/Script/Engine.RendererOverrideSettings] File [C:/Users/moniq/OneDrive/Documents/Unreal Projects/Progressive-Game-Engine-Project/Engine_Project/Saved/Config/Windows/Engine.ini]
[2023.02.24-14.04.52:835][  0]LogConfig: Applying CVar settings from Section [/Script/Engine.StreamingSettings] File [C:/Users/moniq/OneDrive/Documents/Unreal Projects/Progressive-Game-Engine-Project/Engine_Project/Saved/Config/Windows/Engine.ini]
[2023.02.24-14.04.52:835][  0]LogConfig: Setting CVar [[s.MinBulkDataSizeForAsyncLoading:131072]]
[2023.02.24-14.04.52:835][  0]LogConfig: Setting CVar [[s.AsyncLoadingThreadEnabled:0]]
[2023.02.24-14.04.52:835][  0]LogConfig: Setting CVar [[s.EventDrivenLoaderEnabled:1]]
[2023.02.24-14.04.52:835][  0]LogConfig: Setting CVar [[s.WarnIfTimeLimitExceeded:0]]
[2023.02.24-14.04.52:835][  0]LogConfig: Setting CVar [[s.TimeLimitExceededMultiplier:1.5]]
[2023.02.24-14.04.52:835][  0]LogConfig: Setting CVar [[s.TimeLimitExceededMinTime:0.005]]
[2023.02.24-14.04.52:835][  0]LogConfig: Setting CVar [[s.UseBackgroundLevelStreaming:1]]
[2023.02.24-14.04.52:835][  0]LogConfig: Setting CVar [[s.PriorityAsyncLoadingExtraTime:15.0]]
[2023.02.24-14.04.52:835][  0]LogConfig: Setting CVar [[s.LevelStreamingActorsUpdateTimeLimit:5.0]]
[2023.02.24-14.04.52:835][  0]LogConfig: Setting CVar [[s.PriorityLevelStreamingActorsUpdateExtraTime:5.0]]
[2023.02.24-14.04.52:835][  0]LogConfig: Setting CVar [[s.LevelStreamingComponentsRegistrationGranularity:10]]
[2023.02.24-14.04.52:835][  0]LogConfig: Setting CVar [[s.UnregisterComponentsTimeLimit:1.0]]
[2023.02.24-14.04.52:835][  0]LogConfig: Setting CVar [[s.LevelStreamingComponentsUnregistrationGranularity:5]]
[2023.02.24-14.04.52:835][  0]LogConfig: Setting CVar [[s.FlushStreamingOnExit:1]]
[2023.02.24-14.04.52:835][  0]LogConfig: Applying CVar settings from Section [/Script/Engine.GarbageCollectionSettings] File [C:/Users/moniq/OneDrive/Documents/Unreal Projects/Progressive-Game-Engine-Project/Engine_Project/Saved/Config/Windows/Engine.ini]
[2023.02.24-14.04.52:835][  0]LogConfig: Setting CVar [[gc.MaxObjectsNotConsideredByGC:1]]
[2023.02.24-14.04.52:835][  0]LogConfig: Setting CVar [[gc.SizeOfPermanentObjectPool:0]]
[2023.02.24-14.04.52:835][  0]LogConfig: Setting CVar [[gc.FlushStreamingOnGC:0]]
[2023.02.24-14.04.52:835][  0]LogConfig: Setting CVar [[gc.NumRetriesBeforeForcingGC:10]]
[2023.02.24-14.04.52:835][  0]LogConfig: Setting CVar [[gc.AllowParallelGC:1]]
[2023.02.24-14.04.52:835][  0]LogConfig: Setting CVar [[gc.TimeBetweenPurgingPendingKillObjects:61.1]]
[2023.02.24-14.04.52:835][  0]LogConfig: Setting CVar [[gc.MaxObjectsInEditor:25165824]]
[2023.02.24-14.04.52:836][  0]LogConfig: Setting CVar [[gc.IncrementalBeginDestroyEnabled:1]]
[2023.02.24-14.04.52:836][  0]LogConfig: Setting CVar [[gc.CreateGCClusters:1]]
[2023.02.24-14.04.52:836][  0]LogConfig: Setting CVar [[gc.MinGCClusterSize:5]]
[2023.02.24-14.04.52:836][  0]LogConfig: Setting CVar [[gc.ActorClusteringEnabled:0]]
[2023.02.24-14.04.52:836][  0]LogConfig: Setting CVar [[gc.BlueprintClusteringEnabled:0]]
[2023.02.24-14.04.52:836][  0]LogConfig: Setting CVar [[gc.UseDisregardForGCOnDedicatedServers:0]]
[2023.02.24-14.04.52:836][  0]LogConfig: Setting CVar [[gc.MultithreadedDestructionEnabled:1]]
[2023.02.24-14.04.52:836][  0]LogConfig: Applying CVar settings from Section [/Script/Engine.NetworkSettings] File [C:/Users/moniq/OneDrive/Documents/Unreal Projects/Progressive-Game-Engine-Project/Engine_Project/Saved/Config/Windows/Engine.ini]
[2023.02.24-14.04.52:836][  0]LogConfig: Applying CVar settings from Section [/Script/UnrealEd.CookerSettings] File [C:/Users/moniq/OneDrive/Documents/Unreal Projects/Progressive-Game-Engine-Project/Engine_Project/Saved/Config/Windows/Engine.ini]
[2023.02.24-14.04.52:839][  0]LogConfig: Applying CVar settings from Section [ViewDistanceQuality@3] File [C:/Users/moniq/OneDrive/Documents/Unreal Projects/Progressive-Game-Engine-Project/Engine_Project/Saved/Config/Windows/Scalability.ini]
[2023.02.24-14.04.52:839][  0]LogConfig: Setting CVar [[r.SkeletalMeshLODBias:0]]
[2023.02.24-14.04.52:839][  0]LogConfig: Setting CVar [[r.ViewDistanceScale:1.0]]
[2023.02.24-14.04.52:839][  0]LogConfig: Applying CVar settings from Section [AntiAliasingQuality@3] File [C:/Users/moniq/OneDrive/Documents/Unreal Projects/Progressive-Game-Engine-Project/Engine_Project/Saved/Config/Windows/Scalability.ini]
[2023.02.24-14.04.52:839][  0]LogConfig: Setting CVar [[r.PostProcessAAQuality:4]]
[2023.02.24-14.04.52:839][  0]LogConfig: Applying CVar settings from Section [ShadowQuality@3] File [C:/Users/moniq/OneDrive/Documents/Unreal Projects/Progressive-Game-Engine-Project/Engine_Project/Saved/Config/Windows/Scalability.ini]
[2023.02.24-14.04.52:839][  0]LogConfig: Setting CVar [[r.LightFunctionQuality:1]]
[2023.02.24-14.04.52:839][  0]LogConfig: Setting CVar [[r.ShadowQuality:5]]
[2023.02.24-14.04.52:839][  0]LogConfig: Setting CVar [[r.Shadow.CSM.MaxCascades:10]]
[2023.02.24-14.04.52:839][  0]LogConfig: Setting CVar [[r.Shadow.MaxResolution:2048]]
[2023.02.24-14.04.52:839][  0]LogConfig: Setting CVar [[r.Shadow.MaxCSMResolution:2048]]
[2023.02.24-14.04.52:840][  0]LogConfig: Setting CVar [[r.Shadow.RadiusThreshold:0.01]]
[2023.02.24-14.04.52:840][  0]LogConfig: Setting CVar [[r.Shadow.DistanceScale:1.0]]
[2023.02.24-14.04.52:840][  0]LogConfig: Setting CVar [[r.Shadow.CSM.TransitionScale:1.0]]
[2023.02.24-14.04.52:840][  0]LogConfig: Setting CVar [[r.Shadow.PreShadowResolutionFactor:1.0]]
[2023.02.24-14.04.52:840][  0]LogConfig: Setting CVar [[r.DistanceFieldShadowing:1]]
[2023.02.24-14.04.52:840][  0]LogConfig: Setting CVar [[r.DistanceFieldAO:1]]
[2023.02.24-14.04.52:840][  0]LogConfig: Setting CVar [[r.AOQuality:2]]
[2023.02.24-14.04.52:840][  0]LogConfig: Setting CVar [[r.VolumetricFog:1]]
[2023.02.24-14.04.52:840][  0]LogConfig: Setting CVar [[r.VolumetricFog.GridPixelSize:8]]
[2023.02.24-14.04.52:840][  0]LogConfig: Setting CVar [[r.VolumetricFog.GridSizeZ:128]]
[2023.02.24-14.04.52:840][  0]LogConfig: Setting CVar [[r.VolumetricFog.HistoryMissSupersampleCount:4]]
[2023.02.24-14.04.52:840][  0]LogConfig: Setting CVar [[r.LightMaxDrawDistanceScale:1]]
[2023.02.24-14.04.52:840][  0]LogConfig: Setting CVar [[r.CapsuleShadows:1]]
[2023.02.24-14.04.52:840][  0]LogConfig: Applying CVar settings from Section [PostProcessQuality@3] File [C:/Users/moniq/OneDrive/Documents/Unreal Projects/Progressive-Game-Engine-Project/Engine_Project/Saved/Config/Windows/Scalability.ini]
[2023.02.24-14.04.52:840][  0]LogConfig: Setting CVar [[r.MotionBlurQuality:4]]
[2023.02.24-14.04.52:840][  0]LogConfig: Setting CVar [[r.AmbientOcclusionMipLevelFactor:0.4]]
[2023.02.24-14.04.52:840][  0]LogConfig: Setting CVar [[r.AmbientOcclusionMaxQuality:100]]
[2023.02.24-14.04.52:840][  0]LogConfig: Setting CVar [[r.AmbientOcclusionLevels:-1]]
[2023.02.24-14.04.52:840][  0]LogConfig: Setting CVar [[r.AmbientOcclusionRadiusScale:1.0]]
[2023.02.24-14.04.52:840][  0]LogConfig: Setting CVar [[r.DepthOfFieldQuality:2]]
[2023.02.24-14.04.52:840][  0]LogConfig: Setting CVar [[r.RenderTargetPoolMin:400]]
[2023.02.24-14.04.52:840][  0]LogConfig: Setting CVar [[r.LensFlareQuality:2]]
[2023.02.24-14.04.52:840][  0]LogConfig: Setting CVar [[r.SceneColorFringeQuality:1]]
[2023.02.24-14.04.52:840][  0]LogConfig: Setting CVar [[r.EyeAdaptationQuality:2]]
[2023.02.24-14.04.52:840][  0]LogConfig: Setting CVar [[r.BloomQuality:5]]
[2023.02.24-14.04.52:840][  0]LogConfig: Setting CVar [[r.FastBlurThreshold:100]]
[2023.02.24-14.04.52:840][  0]LogConfig: Setting CVar [[r.Upscale.Quality:3]]
[2023.02.24-14.04.52:840][  0]LogConfig: Setting CVar [[r.Tonemapper.GrainQuantization:1]]
[2023.02.24-14.04.52:840][  0]LogConfig: Setting CVar [[r.LightShaftQuality:1]]
[2023.02.24-14.04.52:840][  0]LogConfig: Setting CVar [[r.Filter.SizeScale:1]]
[2023.02.24-14.04.52:840][  0]LogConfig: Setting CVar [[r.Tonemapper.Quality:5]]
[2023.02.24-14.04.52:840][  0]LogConfig: Setting CVar [[r.DOF.Gather.AccumulatorQuality:1        ; higher gathering accumulator quality]]
[2023.02.24-14.04.52:840][  0]LogConfig: Setting CVar [[r.DOF.Gather.PostfilterMethod:1          ; Median3x3 postfilering method]]
[2023.02.24-14.04.52:840][  0]LogConfig: Setting CVar [[r.DOF.Gather.EnableBokehSettings:0       ; no bokeh simulation when gathering]]
[2023.02.24-14.04.52:840][  0]LogConfig: Setting CVar [[r.DOF.Gather.RingCount:4                 ; medium number of samples when gathering]]
[2023.02.24-14.04.52:840][  0]LogConfig: Setting CVar [[r.DOF.Scatter.ForegroundCompositing:1    ; additive foreground scattering]]
[2023.02.24-14.04.52:840][  0]LogConfig: Setting CVar [[r.DOF.Scatter.BackgroundCompositing:2    ; additive background scattering]]
[2023.02.24-14.04.52:840][  0]LogConfig: Setting CVar [[r.DOF.Scatter.EnableBokehSettings:1      ; bokeh simulation when scattering]]
[2023.02.24-14.04.52:840][  0]LogConfig: Setting CVar [[r.DOF.Scatter.MaxSpriteRatio:0.1         ; only a maximum of 10% of scattered bokeh]]
[2023.02.24-14.04.52:840][  0]LogConfig: Setting CVar [[r.DOF.Recombine.Quality:1                ; cheap slight out of focus]]
[2023.02.24-14.04.52:840][  0]LogConfig: Setting CVar [[r.DOF.Recombine.EnableBokehSettings:0    ; no bokeh simulation on slight out of focus]]
[2023.02.24-14.04.52:840][  0]LogConfig: Setting CVar [[r.DOF.TemporalAAQuality:1                ; more stable temporal accumulation]]
[2023.02.24-14.04.52:840][  0]LogConfig: Setting CVar [[r.DOF.Kernel.MaxForegroundRadius:0.025]]
[2023.02.24-14.04.52:840][  0]LogConfig: Setting CVar [[r.DOF.Kernel.MaxBackgroundRadius:0.025]]
[2023.02.24-14.04.52:840][  0]LogConfig: Applying CVar settings from Section [TextureQuality@3] File [C:/Users/moniq/OneDrive/Documents/Unreal Projects/Progressive-Game-Engine-Project/Engine_Project/Saved/Config/Windows/Scalability.ini]
[2023.02.24-14.04.52:840][  0]LogConfig: Setting CVar [[r.Streaming.MipBias:0]]
[2023.02.24-14.04.52:840][  0]LogConfig: Setting CVar [[r.Streaming.AmortizeCPUToGPUCopy:0]]
[2023.02.24-14.04.52:840][  0]LogConfig: Setting CVar [[r.Streaming.MaxNumTexturesToStreamPerFrame:0]]
[2023.02.24-14.04.52:840][  0]LogConfig: Setting CVar [[r.Streaming.Boost:1]]
[2023.02.24-14.04.52:840][  0]LogConfig: Setting CVar [[r.MaxAnisotropy:8]]
[2023.02.24-14.04.52:840][  0]LogConfig: Setting CVar [[r.VT.MaxAnisotropy:8]]
[2023.02.24-14.04.52:840][  0]LogConfig: Setting CVar [[r.Streaming.LimitPoolSizeToVRAM:0]]
[2023.02.24-14.04.52:840][  0]LogConfig: Setting CVar [[r.Streaming.PoolSize:1000]]
[2023.02.24-14.04.52:840][  0]LogConfig: Setting CVar [[r.Streaming.MaxEffectiveScreenSize:0]]
[2023.02.24-14.04.52:840][  0]LogConfig: Applying CVar settings from Section [EffectsQuality@3] File [C:/Users/moniq/OneDrive/Documents/Unreal Projects/Progressive-Game-Engine-Project/Engine_Project/Saved/Config/Windows/Scalability.ini]
[2023.02.24-14.04.52:840][  0]LogConfig: Setting CVar [[r.TranslucencyLightingVolumeDim:64]]
[2023.02.24-14.04.52:840][  0]LogConfig: Setting CVar [[r.RefractionQuality:2]]
[2023.02.24-14.04.52:840][  0]LogConfig: Setting CVar [[r.SSR.Quality:3]]
[2023.02.24-14.04.52:840][  0]LogConfig: Setting CVar [[r.SSR.HalfResSceneColor:0]]
[2023.02.24-14.04.52:840][  0]LogConfig: Setting CVar [[r.SceneColorFormat:4]]
[2023.02.24-14.04.52:840][  0]LogConfig: Setting CVar [[r.DetailMode:2]]
[2023.02.24-14.04.52:840][  0]LogConfig: Setting CVar [[r.TranslucencyVolumeBlur:1]]
[2023.02.24-14.04.52:840][  0]LogConfig: Setting CVar [[r.MaterialQualityLevel:1 ; High quality]]
[2023.02.24-14.04.52:840][  0]LogConfig: Setting CVar [[r.AnisotropicMaterials:1]]
[2023.02.24-14.04.52:840][  0]LogConfig: Setting CVar [[r.SSS.Scale:1]]
[2023.02.24-14.04.52:840][  0]LogConfig: Setting CVar [[r.SSS.SampleSet:2]]
[2023.02.24-14.04.52:840][  0]LogConfig: Setting CVar [[r.SSS.Quality:1]]
[2023.02.24-14.04.52:840][  0]LogConfig: Setting CVar [[r.SSS.HalfRes:0]]
[2023.02.24-14.04.52:840][  0]LogConfig: Setting CVar [[r.SSGI.Quality:3]]
[2023.02.24-14.04.52:840][  0]LogConfig: Setting CVar [[r.EmitterSpawnRateScale:1.0]]
[2023.02.24-14.04.52:840][  0]LogConfig: Setting CVar [[r.ParticleLightQuality:2]]
[2023.02.24-14.04.52:840][  0]LogConfig: Setting CVar [[r.SkyAtmosphere.AerialPerspectiveLUT.FastApplyOnOpaque:1 ; Always have FastSkyLUT 1 in this case to avoid wrong sky]]
[2023.02.24-14.04.52:840][  0]LogConfig: Setting CVar [[r.SkyAtmosphere.AerialPerspectiveLUT.SampleCountMaxPerSlice:4]]
[2023.02.24-14.04.52:840][  0]LogConfig: Setting CVar [[r.SkyAtmosphere.AerialPerspectiveLUT.DepthResolution:16.0]]
[2023.02.24-14.04.52:840][  0]LogConfig: Setting CVar [[r.SkyAtmosphere.FastSkyLUT:1]]
[2023.02.24-14.04.52:840][  0]LogConfig: Setting CVar [[r.SkyAtmosphere.FastSkyLUT.SampleCountMin:4.0]]
[2023.02.24-14.04.52:840][  0]LogConfig: Setting CVar [[r.SkyAtmosphere.FastSkyLUT.SampleCountMax:128.0]]
[2023.02.24-14.04.52:840][  0]LogConfig: Setting CVar [[r.SkyAtmosphere.SampleCountMin:4.0]]
[2023.02.24-14.04.52:840][  0]LogConfig: Setting CVar [[r.SkyAtmosphere.SampleCountMax:128.0]]
[2023.02.24-14.04.52:840][  0]LogConfig: Setting CVar [[r.SkyAtmosphere.TransmittanceLUT.UseSmallFormat:0]]
[2023.02.24-14.04.52:840][  0]LogConfig: Setting CVar [[r.SkyAtmosphere.TransmittanceLUT.SampleCount:10.0]]
[2023.02.24-14.04.52:840][  0]LogConfig: Setting CVar [[r.SkyAtmosphere.MultiScatteringLUT.SampleCount:15.0]]
[2023.02.24-14.04.52:840][  0]LogConfig: Setting CVar [[r.SkyLight.RealTimeReflectionCapture:1]]
[2023.02.24-14.04.52:840][  0]LogConfig: Applying CVar settings from Section [FoliageQuality@3] File [C:/Users/moniq/OneDrive/Documents/Unreal Projects/Progressive-Game-Engine-Project/Engine_Project/Saved/Config/Windows/Scalability.ini]
[2023.02.24-14.04.52:840][  0]LogConfig: Setting CVar [[foliage.DensityScale:1.0]]
[2023.02.24-14.04.52:840][  0]LogConfig: Setting CVar [[grass.DensityScale:1.0]]
[2023.02.24-14.04.52:840][  0]LogConfig: Applying CVar settings from Section [ShadingQuality@3] File [C:/Users/moniq/OneDrive/Documents/Unreal Projects/Progressive-Game-Engine-Project/Engine_Project/Saved/Config/Windows/Scalability.ini]
[2023.02.24-14.04.52:840][  0]LogConfig: Setting CVar [[r.HairStrands.SkyLighting.IntegrationType:2]]
[2023.02.24-14.04.52:840][  0]LogConfig: Setting CVar [[r.HairStrands.SkyAO.SampleCount:4]]
[2023.02.24-14.04.52:840][  0]LogConfig: Setting CVar [[r.HairStrands.Visibility.MSAA.SamplePerPixel:4]]
[2023.02.24-14.04.52:840][  0]LogInit: Selected Device Profile: [Windows]
[2023.02.24-14.04.52:840][  0]LogInit: Applying CVar settings loaded from the selected device profile: [Windows]
[2023.02.24-14.04.52:840][  0]LogHAL: Display: Platform has ~ 16 GB [16866852864 / 17179869184 / 16], which maps to Larger [LargestMinGB=32, LargerMinGB=12, DefaultMinGB=8, SmallerMinGB=6, SmallestMinGB=0)
[2023.02.24-14.04.52:840][  0]LogInit: Going up to parent DeviceProfile []
[2023.02.24-14.04.52:840][  0]LogConfig: Applying CVar settings from Section [ViewDistanceQuality@3] File [C:/Users/moniq/OneDrive/Documents/Unreal Projects/Progressive-Game-Engine-Project/Engine_Project/Saved/Config/Windows/Scalability.ini]
[2023.02.24-14.04.52:840][  0]LogConfig: Setting CVar [[r.SkeletalMeshLODBias:0]]
[2023.02.24-14.04.52:840][  0]LogConfig: Setting CVar [[r.ViewDistanceScale:1.0]]
[2023.02.24-14.04.52:840][  0]LogConfig: Applying CVar settings from Section [AntiAliasingQuality@3] File [C:/Users/moniq/OneDrive/Documents/Unreal Projects/Progressive-Game-Engine-Project/Engine_Project/Saved/Config/Windows/Scalability.ini]
[2023.02.24-14.04.52:840][  0]LogConfig: Setting CVar [[r.PostProcessAAQuality:4]]
[2023.02.24-14.04.52:840][  0]LogConfig: Applying CVar settings from Section [ShadowQuality@3] File [C:/Users/moniq/OneDrive/Documents/Unreal Projects/Progressive-Game-Engine-Project/Engine_Project/Saved/Config/Windows/Scalability.ini]
[2023.02.24-14.04.52:840][  0]LogConfig: Setting CVar [[r.LightFunctionQuality:1]]
[2023.02.24-14.04.52:840][  0]LogConfig: Setting CVar [[r.ShadowQuality:5]]
[2023.02.24-14.04.52:840][  0]LogConfig: Setting CVar [[r.Shadow.CSM.MaxCascades:10]]
[2023.02.24-14.04.52:840][  0]LogConfig: Setting CVar [[r.Shadow.MaxResolution:2048]]
[2023.02.24-14.04.52:840][  0]LogConfig: Setting CVar [[r.Shadow.MaxCSMResolution:2048]]
[2023.02.24-14.04.52:840][  0]LogConfig: Setting CVar [[r.Shadow.RadiusThreshold:0.01]]
[2023.02.24-14.04.52:840][  0]LogConfig: Setting CVar [[r.Shadow.DistanceScale:1.0]]
[2023.02.24-14.04.52:840][  0]LogConfig: Setting CVar [[r.Shadow.CSM.TransitionScale:1.0]]
[2023.02.24-14.04.52:840][  0]LogConfig: Setting CVar [[r.Shadow.PreShadowResolutionFactor:1.0]]
[2023.02.24-14.04.52:840][  0]LogConfig: Setting CVar [[r.DistanceFieldShadowing:1]]
[2023.02.24-14.04.52:840][  0]LogConfig: Setting CVar [[r.DistanceFieldAO:1]]
[2023.02.24-14.04.52:840][  0]LogConfig: Setting CVar [[r.AOQuality:2]]
[2023.02.24-14.04.52:840][  0]LogConfig: Setting CVar [[r.VolumetricFog:1]]
[2023.02.24-14.04.52:840][  0]LogConfig: Setting CVar [[r.VolumetricFog.GridPixelSize:8]]
[2023.02.24-14.04.52:840][  0]LogConfig: Setting CVar [[r.VolumetricFog.GridSizeZ:128]]
[2023.02.24-14.04.52:840][  0]LogConfig: Setting CVar [[r.VolumetricFog.HistoryMissSupersampleCount:4]]
[2023.02.24-14.04.52:840][  0]LogConfig: Setting CVar [[r.LightMaxDrawDistanceScale:1]]
[2023.02.24-14.04.52:840][  0]LogConfig: Setting CVar [[r.CapsuleShadows:1]]
[2023.02.24-14.04.52:840][  0]LogConfig: Applying CVar settings from Section [PostProcessQuality@3] File [C:/Users/moniq/OneDrive/Documents/Unreal Projects/Progressive-Game-Engine-Project/Engine_Project/Saved/Config/Windows/Scalability.ini]
[2023.02.24-14.04.52:840][  0]LogConfig: Setting CVar [[r.MotionBlurQuality:4]]
[2023.02.24-14.04.52:840][  0]LogConfig: Setting CVar [[r.AmbientOcclusionMipLevelFactor:0.4]]
[2023.02.24-14.04.52:841][  0]LogConfig: Setting CVar [[r.AmbientOcclusionMaxQuality:100]]
[2023.02.24-14.04.52:841][  0]LogConfig: Setting CVar [[r.AmbientOcclusionLevels:-1]]
[2023.02.24-14.04.52:841][  0]LogConfig: Setting CVar [[r.AmbientOcclusionRadiusScale:1.0]]
[2023.02.24-14.04.52:841][  0]LogConfig: Setting CVar [[r.DepthOfFieldQuality:2]]
[2023.02.24-14.04.52:841][  0]LogConfig: Setting CVar [[r.RenderTargetPoolMin:400]]
[2023.02.24-14.04.52:841][  0]LogConfig: Setting CVar [[r.LensFlareQuality:2]]
[2023.02.24-14.04.52:841][  0]LogConfig: Setting CVar [[r.SceneColorFringeQuality:1]]
[2023.02.24-14.04.52:841][  0]LogConfig: Setting CVar [[r.EyeAdaptationQuality:2]]
[2023.02.24-14.04.52:841][  0]LogConfig: Setting CVar [[r.BloomQuality:5]]
[2023.02.24-14.04.52:841][  0]LogConfig: Setting CVar [[r.FastBlurThreshold:100]]
[2023.02.24-14.04.52:841][  0]LogConfig: Setting CVar [[r.Upscale.Quality:3]]
[2023.02.24-14.04.52:841][  0]LogConfig: Setting CVar [[r.Tonemapper.GrainQuantization:1]]
[2023.02.24-14.04.52:841][  0]LogConfig: Setting CVar [[r.LightShaftQuality:1]]
[2023.02.24-14.04.52:841][  0]LogConfig: Setting CVar [[r.Filter.SizeScale:1]]
[2023.02.24-14.04.52:841][  0]LogConfig: Setting CVar [[r.Tonemapper.Quality:5]]
[2023.02.24-14.04.52:841][  0]LogConfig: Setting CVar [[r.DOF.Gather.AccumulatorQuality:1        ; higher gathering accumulator quality]]
[2023.02.24-14.04.52:841][  0]LogConfig: Setting CVar [[r.DOF.Gather.PostfilterMethod:1          ; Median3x3 postfilering method]]
[2023.02.24-14.04.52:841][  0]LogConfig: Setting CVar [[r.DOF.Gather.EnableBokehSettings:0       ; no bokeh simulation when gathering]]
[2023.02.24-14.04.52:841][  0]LogConfig: Setting CVar [[r.DOF.Gather.RingCount:4                 ; medium number of samples when gathering]]
[2023.02.24-14.04.52:841][  0]LogConfig: Setting CVar [[r.DOF.Scatter.ForegroundCompositing:1    ; additive foreground scattering]]
[2023.02.24-14.04.52:841][  0]LogConfig: Setting CVar [[r.DOF.Scatter.BackgroundCompositing:2    ; additive background scattering]]
[2023.02.24-14.04.52:841][  0]LogConfig: Setting CVar [[r.DOF.Scatter.EnableBokehSettings:1      ; bokeh simulation when scattering]]
[2023.02.24-14.04.52:841][  0]LogConfig: Setting CVar [[r.DOF.Scatter.MaxSpriteRatio:0.1         ; only a maximum of 10% of scattered bokeh]]
[2023.02.24-14.04.52:841][  0]LogConfig: Setting CVar [[r.DOF.Recombine.Quality:1                ; cheap slight out of focus]]
[2023.02.24-14.04.52:841][  0]LogConfig: Setting CVar [[r.DOF.Recombine.EnableBokehSettings:0    ; no bokeh simulation on slight out of focus]]
[2023.02.24-14.04.52:841][  0]LogConfig: Setting CVar [[r.DOF.TemporalAAQuality:1                ; more stable temporal accumulation]]
[2023.02.24-14.04.52:841][  0]LogConfig: Setting CVar [[r.DOF.Kernel.MaxForegroundRadius:0.025]]
[2023.02.24-14.04.52:841][  0]LogConfig: Setting CVar [[r.DOF.Kernel.MaxBackgroundRadius:0.025]]
[2023.02.24-14.04.52:841][  0]LogConfig: Applying CVar settings from Section [TextureQuality@3] File [C:/Users/moniq/OneDrive/Documents/Unreal Projects/Progressive-Game-Engine-Project/Engine_Project/Saved/Config/Windows/Scalability.ini]
[2023.02.24-14.04.52:841][  0]LogConfig: Setting CVar [[r.Streaming.MipBias:0]]
[2023.02.24-14.04.52:841][  0]LogConfig: Setting CVar [[r.Streaming.AmortizeCPUToGPUCopy:0]]
[2023.02.24-14.04.52:841][  0]LogConfig: Setting CVar [[r.Streaming.MaxNumTexturesToStreamPerFrame:0]]
[2023.02.24-14.04.52:841][  0]LogConfig: Setting CVar [[r.Streaming.Boost:1]]
[2023.02.24-14.04.52:841][  0]LogConfig: Setting CVar [[r.MaxAnisotropy:8]]
[2023.02.24-14.04.52:841][  0]LogConfig: Setting CVar [[r.VT.MaxAnisotropy:8]]
[2023.02.24-14.04.52:841][  0]LogConfig: Setting CVar [[r.Streaming.LimitPoolSizeToVRAM:0]]
[2023.02.24-14.04.52:841][  0]LogConfig: Setting CVar [[r.Streaming.PoolSize:1000]]
[2023.02.24-14.04.52:841][  0]LogConfig: Setting CVar [[r.Streaming.MaxEffectiveScreenSize:0]]
[2023.02.24-14.04.52:841][  0]LogConfig: Applying CVar settings from Section [EffectsQuality@3] File [C:/Users/moniq/OneDrive/Documents/Unreal Projects/Progressive-Game-Engine-Project/Engine_Project/Saved/Config/Windows/Scalability.ini]
[2023.02.24-14.04.52:841][  0]LogConfig: Setting CVar [[r.TranslucencyLightingVolumeDim:64]]
[2023.02.24-14.04.52:841][  0]LogConfig: Setting CVar [[r.RefractionQuality:2]]
[2023.02.24-14.04.52:841][  0]LogConfig: Setting CVar [[r.SSR.Quality:3]]
[2023.02.24-14.04.52:841][  0]LogConfig: Setting CVar [[r.SSR.HalfResSceneColor:0]]
[2023.02.24-14.04.52:841][  0]LogConfig: Setting CVar [[r.SceneColorFormat:4]]
[2023.02.24-14.04.52:841][  0]LogConfig: Setting CVar [[r.DetailMode:2]]
[2023.02.24-14.04.52:841][  0]LogConfig: Setting CVar [[r.TranslucencyVolumeBlur:1]]
[2023.02.24-14.04.52:841][  0]LogConfig: Setting CVar [[r.MaterialQualityLevel:1 ; High quality]]
[2023.02.24-14.04.52:841][  0]LogConfig: Setting CVar [[r.AnisotropicMaterials:1]]
[2023.02.24-14.04.52:841][  0]LogConfig: Setting CVar [[r.SSS.Scale:1]]
[2023.02.24-14.04.52:841][  0]LogConfig: Setting CVar [[r.SSS.SampleSet:2]]
[2023.02.24-14.04.52:841][  0]LogConfig: Setting CVar [[r.SSS.Quality:1]]
[2023.02.24-14.04.52:841][  0]LogConfig: Setting CVar [[r.SSS.HalfRes:0]]
[2023.02.24-14.04.52:841][  0]LogConfig: Setting CVar [[r.SSGI.Quality:3]]
[2023.02.24-14.04.52:841][  0]LogConfig: Setting CVar [[r.EmitterSpawnRateScale:1.0]]
[2023.02.24-14.04.52:841][  0]LogConfig: Setting CVar [[r.ParticleLightQuality:2]]
[2023.02.24-14.04.52:841][  0]LogConfig: Setting CVar [[r.SkyAtmosphere.AerialPerspectiveLUT.FastApplyOnOpaque:1 ; Always have FastSkyLUT 1 in this case to avoid wrong sky]]
[2023.02.24-14.04.52:841][  0]LogConfig: Setting CVar [[r.SkyAtmosphere.AerialPerspectiveLUT.SampleCountMaxPerSlice:4]]
[2023.02.24-14.04.52:841][  0]LogConfig: Setting CVar [[r.SkyAtmosphere.AerialPerspectiveLUT.DepthResolution:16.0]]
[2023.02.24-14.04.52:841][  0]LogConfig: Setting CVar [[r.SkyAtmosphere.FastSkyLUT:1]]
[2023.02.24-14.04.52:841][  0]LogConfig: Setting CVar [[r.SkyAtmosphere.FastSkyLUT.SampleCountMin:4.0]]
[2023.02.24-14.04.52:841][  0]LogConfig: Setting CVar [[r.SkyAtmosphere.FastSkyLUT.SampleCountMax:128.0]]
[2023.02.24-14.04.52:841][  0]LogConfig: Setting CVar [[r.SkyAtmosphere.SampleCountMin:4.0]]
[2023.02.24-14.04.52:841][  0]LogConfig: Setting CVar [[r.SkyAtmosphere.SampleCountMax:128.0]]
[2023.02.24-14.04.52:841][  0]LogConfig: Setting CVar [[r.SkyAtmosphere.TransmittanceLUT.UseSmallFormat:0]]
[2023.02.24-14.04.52:841][  0]LogConfig: Setting CVar [[r.SkyAtmosphere.TransmittanceLUT.SampleCount:10.0]]
[2023.02.24-14.04.52:841][  0]LogConfig: Setting CVar [[r.SkyAtmosphere.MultiScatteringLUT.SampleCount:15.0]]
[2023.02.24-14.04.52:841][  0]LogConfig: Setting CVar [[r.SkyLight.RealTimeReflectionCapture:1]]
[2023.02.24-14.04.52:841][  0]LogConfig: Applying CVar settings from Section [FoliageQuality@3] File [C:/Users/moniq/OneDrive/Documents/Unreal Projects/Progressive-Game-Engine-Project/Engine_Project/Saved/Config/Windows/Scalability.ini]
[2023.02.24-14.04.52:841][  0]LogConfig: Setting CVar [[foliage.DensityScale:1.0]]
[2023.02.24-14.04.52:841][  0]LogConfig: Setting CVar [[grass.DensityScale:1.0]]
[2023.02.24-14.04.52:841][  0]LogConfig: Applying CVar settings from Section [ShadingQuality@3] File [C:/Users/moniq/OneDrive/Documents/Unreal Projects/Progressive-Game-Engine-Project/Engine_Project/Saved/Config/Windows/Scalability.ini]
[2023.02.24-14.04.52:841][  0]LogConfig: Setting CVar [[r.HairStrands.SkyLighting.IntegrationType:2]]
[2023.02.24-14.04.52:841][  0]LogConfig: Setting CVar [[r.HairStrands.SkyAO.SampleCount:4]]
[2023.02.24-14.04.52:841][  0]LogConfig: Setting CVar [[r.HairStrands.Visibility.MSAA.SamplePerPixel:4]]
[2023.02.24-14.04.52:841][  0]LogConfig: Applying CVar settings from Section [Startup] File [../../../Engine/Config/ConsoleVariables.ini]
[2023.02.24-14.04.52:842][  0]LogConfig: Setting CVar [[net.UseAdaptiveNetUpdateFrequency:0]]
[2023.02.24-14.04.52:842][  0]LogConfig: Setting CVar [[p.chaos.AllowCreatePhysxBodies:1]]
[2023.02.24-14.04.52:842][  0]LogConfig: Setting CVar [[fx.SkipVectorVMBackendOptimizations:1]]
[2023.02.24-14.04.52:842][  0]LogConfig: Applying CVar settings from Section [ConsoleVariables] File [C:/Users/moniq/OneDrive/Documents/Unreal Projects/Progressive-Game-Engine-Project/Engine_Project/Saved/Config/Windows/Engine.ini]
[2023.02.24-14.04.52:842][  0]LogConfig: Applying CVar settings from Section [ConsoleVariables] File [C:/Users/moniq/OneDrive/Documents/Unreal Projects/Progressive-Game-Engine-Project/Engine_Project/Saved/Config/Windows/Editor.ini]
[2023.02.24-14.04.52:842][  0]LogInit: Computer: MSI
[2023.02.24-14.04.52:842][  0]LogInit: User: moniq
[2023.02.24-14.04.52:842][  0]LogInit: CPU Page size=4096, Cores=8
[2023.02.24-14.04.52:842][  0]LogInit: High frequency timer resolution =10.000000 MHz
[2023.02.24-14.04.52:842][  0]LogMemory: Memory total: Physical=15.7GB (16GB approx)
[2023.02.24-14.04.52:842][  0]LogMemory: Platform Memory Stats for Windows
[2023.02.24-14.04.52:842][  0]LogMemory: Process Physical Memory: 149.43 MB used, 149.43 MB peak
[2023.02.24-14.04.52:842][  0]LogMemory: Process Virtual Memory: 133.27 MB used, 133.27 MB peak
[2023.02.24-14.04.52:842][  0]LogMemory: Physical Memory: 6669.01 MB used,  9416.48 MB free, 16085.48 MB total
[2023.02.24-14.04.52:842][  0]LogMemory: Virtual Memory: 134198808.00 MB used,  18918.58 MB free, 134217728.00 MB total
[2023.02.24-14.04.52:865][  0]LogWindows: WindowsPlatformFeatures enabled
[2023.02.24-14.04.52:889][  0]LogInit: Physics initialised using underlying interface: PhysX
[2023.02.24-14.04.52:889][  0]LogInit: Using OS detected language (en-US).
[2023.02.24-14.04.52:889][  0]LogInit: Using OS detected locale (en-GB).
[2023.02.24-14.04.52:892][  0]LogTextLocalizationManager: No specific localization for 'en-US' exists, so the 'en' localization will be used.
[2023.02.24-14.04.53:016][  0]LogInit: Setting process to per monitor DPI aware
[2023.02.24-14.04.53:026][  0]LogWindowsTextInputMethodSystem: Display: IME system deactivated.
[2023.02.24-14.04.53:034][  0]LogSlate: New Slate User Created.  User Index 0, Is Virtual User: 0
[2023.02.24-14.04.53:034][  0]LogSlate: Slate User Registered.  User Index 0, Is Virtual User: 0
[2023.02.24-14.04.53:114][  0]LogD3D11RHI: Loaded GFSDK_Aftermath_Lib.x64.dll
[2023.02.24-14.04.53:123][  0]LogHMD: Failed to initialize OpenVR with code 110
[2023.02.24-14.04.53:124][  0]LogD3D11RHI: D3D11 min allowed feature level: 11_0
[2023.02.24-14.04.53:124][  0]LogD3D11RHI: D3D11 max allowed feature level: 11_0
[2023.02.24-14.04.53:124][  0]LogD3D11RHI: D3D11 adapters:
[2023.02.24-14.04.53:213][  0]LogD3D11RHI:    0. 'NVIDIA GeForce RTX 3070 Laptop GPU' (Feature Level 11_0)
[2023.02.24-14.04.53:213][  0]LogD3D11RHI:       8033/0/8042 MB DedicatedVideo/DedicatedSystem/SharedSystem, Outputs:1, VendorId:0x10de
[2023.02.24-14.04.53:244][  0]LogD3D11RHI:    1. 'Intel(R) UHD Graphics' (Feature Level 11_0)
[2023.02.24-14.04.53:244][  0]LogD3D11RHI:       128/0/8042 MB DedicatedVideo/DedicatedSystem/SharedSystem, Outputs:0, VendorId:0x8086
[2023.02.24-14.04.53:245][  0]LogD3D11RHI:    2. 'Microsoft Basic Render Driver' (Feature Level 11_0)
[2023.02.24-14.04.53:245][  0]LogD3D11RHI:       0/0/8042 MB DedicatedVideo/DedicatedSystem/SharedSystem, Outputs:0, VendorId:0x1414
[2023.02.24-14.04.53:245][  0]LogD3D11RHI: Chosen D3D11 Adapter:
[2023.02.24-14.04.53:245][  0]LogD3D11RHI:     Description : NVIDIA GeForce RTX 3070 Laptop GPU
[2023.02.24-14.04.53:245][  0]LogD3D11RHI:     VendorId    : 10de
[2023.02.24-14.04.53:245][  0]LogD3D11RHI:     DeviceId    : 249d
[2023.02.24-14.04.53:245][  0]LogD3D11RHI:     SubSysId    : 12ea1462
[2023.02.24-14.04.53:245][  0]LogD3D11RHI:     Revision    : 00a1
[2023.02.24-14.04.53:245][  0]LogD3D11RHI:     DedicatedVideoMemory : 8423211008 bytes
[2023.02.24-14.04.53:245][  0]LogD3D11RHI:     DedicatedSystemMemory : 0 bytes
[2023.02.24-14.04.53:245][  0]LogD3D11RHI:     SharedSystemMemory : 8433426432 bytes
[2023.02.24-14.04.53:245][  0]LogD3D11RHI:     AdapterLuid : 0 58716
[2023.02.24-14.04.53:249][  0]LogD3D11RHI: Creating new Direct3DDevice
[2023.02.24-14.04.53:249][  0]LogD3D11RHI:     GPU DeviceId: 0x249d (for the marketing name, search the web for "GPU Device Id")
[2023.02.24-14.04.53:249][  0]LogWindows: EnumDisplayDevices:
[2023.02.24-14.04.53:249][  0]LogWindows:    0. 'Intel(R) UHD Graphics' (P:1 D:1)
[2023.02.24-14.04.53:250][  0]LogWindows:    1. 'Intel(R) UHD Graphics' (P:0 D:0)
[2023.02.24-14.04.53:250][  0]LogWindows:    2. 'Intel(R) UHD Graphics' (P:0 D:0)
[2023.02.24-14.04.53:250][  0]LogWindows:    3. 'Intel(R) UHD Graphics' (P:0 D:0)
[2023.02.24-14.04.53:250][  0]LogWindows:    4. 'NVIDIA GeForce RTX 3070 Laptop GPU' (P:0 D:0)
[2023.02.24-14.04.53:250][  0]LogWindows: DebugString: PrimaryIsNotTheChoosenAdapter PrimaryIsNotTheChoosenAdapter PrimaryIsNotTheChoosenAdapter PrimaryIsNotTheChoosenAdapter 
[2023.02.24-14.04.53:250][  0]LogD3D11RHI:     Adapter Name: NVIDIA GeForce RTX 3070 Laptop GPU
[2023.02.24-14.04.53:250][  0]LogD3D11RHI:   Driver Version: 528.24 (internal:31.0.15.2824, unified:528.24)
[2023.02.24-14.04.53:250][  0]LogD3D11RHI:      Driver Date: 1-15-2023
[2023.02.24-14.04.53:250][  0]LogRHI: Texture pool is 5623 MB (70% of 8033 MB)
[2023.02.24-14.04.53:250][  0]LogD3D11RHI: Creating D3DDevice using adapter:
[2023.02.24-14.04.53:250][  0]LogD3D11RHI:     Description : NVIDIA GeForce RTX 3070 Laptop GPU
[2023.02.24-14.04.53:250][  0]LogD3D11RHI:     VendorId    : 10de
[2023.02.24-14.04.53:250][  0]LogD3D11RHI:     DeviceId    : 249d
[2023.02.24-14.04.53:250][  0]LogD3D11RHI:     SubSysId    : 12ea1462
[2023.02.24-14.04.53:250][  0]LogD3D11RHI:     Revision    : 00a1
[2023.02.24-14.04.53:250][  0]LogD3D11RHI:     DedicatedVideoMemory : 8423211008 bytes
[2023.02.24-14.04.53:250][  0]LogD3D11RHI:     DedicatedSystemMemory : 0 bytes
[2023.02.24-14.04.53:250][  0]LogD3D11RHI:     SharedSystemMemory : 8433426432 bytes
[2023.02.24-14.04.53:250][  0]LogD3D11RHI:     AdapterLuid : 0 58716
[2023.02.24-14.04.53:300][  0]LogD3D11RHI: RHI has support for 64 bit atomics
[2023.02.24-14.04.53:300][  0]LogD3D11RHI: Async texture creation enabled
[2023.02.24-14.04.53:300][  0]LogD3D11RHI: Array index from any shader is supported
[2023.02.24-14.04.53:321][  0]LogD3D11RHI: GPU Timing Frequency: 1000.000000 (Debug: 2 1)
[2023.02.24-14.04.53:339][  0]LogRHI: GeForceNow SDK initialized: 1
[2023.02.24-14.04.53:544][  0]LogTargetPlatformManager: Display: Loaded TargetPlatform 'AllDesktop'
[2023.02.24-14.04.53:559][  0]LogTargetPlatformManager: Display: Loaded TargetPlatform 'Android'
[2023.02.24-14.04.53:559][  0]LogTargetPlatformManager: Display: Loaded TargetPlatform 'Android_ASTC'
[2023.02.24-14.04.53:559][  0]LogTargetPlatformManager: Display: Loaded TargetPlatform 'Android_DXT'
[2023.02.24-14.04.53:559][  0]LogTargetPlatformManager: Display: Loaded TargetPlatform 'Android_ETC2'
[2023.02.24-14.04.53:559][  0]LogTargetPlatformManager: Display: Loaded TargetPlatform 'AndroidClient'
[2023.02.24-14.04.53:559][  0]LogTargetPlatformManager: Display: Loaded TargetPlatform 'Android_ASTCClient'
[2023.02.24-14.04.53:559][  0]LogTargetPlatformManager: Display: Loaded TargetPlatform 'Android_DXTClient'
[2023.02.24-14.04.53:559][  0]LogTargetPlatformManager: Display: Loaded TargetPlatform 'Android_ETC2Client'
[2023.02.24-14.04.53:559][  0]LogTargetPlatformManager: Display: Loaded TargetPlatform 'Android_Multi'
[2023.02.24-14.04.53:559][  0]LogTargetPlatformManager: Display: Loaded TargetPlatform 'Android_MultiClient'
[2023.02.24-14.04.53:572][  0]LogTargetPlatformManager: Display: Loaded TargetPlatform 'IOSClient'
[2023.02.24-14.04.53:572][  0]LogTargetPlatformManager: Display: Loaded TargetPlatform 'IOS'
[2023.02.24-14.04.53:580][  0]LogTargetPlatformManager: Display: Loaded TargetPlatform 'Linux'
[2023.02.24-14.04.53:582][  0]LogTargetPlatformManager: Display: Loaded TargetPlatform 'LinuxNoEditor'
[2023.02.24-14.04.53:585][  0]LogTargetPlatformManager: Display: Loaded TargetPlatform 'LinuxClient'
[2023.02.24-14.04.53:587][  0]LogTargetPlatformManager: Display: Loaded TargetPlatform 'LinuxServer'
[2023.02.24-14.04.53:594][  0]LogTargetPlatformManager: Display: Loaded TargetPlatform 'LinuxAArch64NoEditor'
[2023.02.24-14.04.53:596][  0]LogTargetPlatformManager: Display: Loaded TargetPlatform 'LinuxAArch64Client'
[2023.02.24-14.04.53:598][  0]LogTargetPlatformManager: Display: Loaded TargetPlatform 'LinuxAArch64Server'
[2023.02.24-14.04.53:617][  0]LogTargetPlatformManager: Display: Loaded TargetPlatform 'Lumin'
[2023.02.24-14.04.53:617][  0]LogTargetPlatformManager: Display: Loaded TargetPlatform 'LuminClient'
[2023.02.24-14.04.53:623][  0]LogTargetPlatformManager: Display: Loaded TargetPlatform 'MacNoEditor'
[2023.02.24-14.04.53:626][  0]LogTargetPlatformManager: Display: Loaded TargetPlatform 'Mac'
[2023.02.24-14.04.53:628][  0]LogTargetPlatformManager: Display: Loaded TargetPlatform 'MacClient'
[2023.02.24-14.04.53:630][  0]LogTargetPlatformManager: Display: Loaded TargetPlatform 'MacServer'
[2023.02.24-14.04.53:638][  0]LogTargetPlatformManager: Display: Loaded TargetPlatform 'TVOSClient'
[2023.02.24-14.04.53:638][  0]LogTargetPlatformManager: Display: Loaded TargetPlatform 'TVOS'
[2023.02.24-14.04.53:644][  0]LogTargetPlatformManager: Display: Loaded TargetPlatform 'WindowsNoEditor'
[2023.02.24-14.04.53:647][  0]LogTargetPlatformManager: Display: Loaded TargetPlatform 'Windows'
[2023.02.24-14.04.53:649][  0]LogTargetPlatformManager: Display: Loaded TargetPlatform 'WindowsClient'
[2023.02.24-14.04.53:652][  0]LogTargetPlatformManager: Display: Loaded TargetPlatform 'WindowsServer'
[2023.02.24-14.04.53:652][  0]LogTargetPlatformManager: Display: Building Assets For Windows
[2023.02.24-14.04.53:656][  0]LogAudioDebug: Display: Lib vorbis DLL was dynamically loaded.
[2023.02.24-14.04.53:674][  0]LogTextureFormatOodle: Display: Oodle Texture 2.9.0 init RDO Off
[2023.02.24-14.04.53:691][  0]LogRendererCore: Ray tracing is disabled. Reason: r.RayTracing=0.
[2023.02.24-14.04.53:691][  0]LogShaderCompilers: Guid format shader working directory is -65 characters bigger than the processId version (../../../../../../Users/moniq/OneDrive/Documents/Unreal Projects/Progressive-Game-Engine-Project/Engine_Project/Intermediate/Shaders/WorkingDirectory/2312/).
[2023.02.24-14.04.53:691][  0]LogShaderCompilers: Cleaned the shader compiler working directory 'C:/Users/moniq/AppData/Local/Temp/UnrealShaderWorkingDir/189743AC4EB15814B155DEB65A34C3B8/'.
[2023.02.24-14.04.53:692][  0]LogXGEController: Cannot use XGE Controller as Incredibuild is not installed on this machine.
[2023.02.24-14.04.53:692][  0]LogShaderCompilers: Cannot use XGE Shader Compiler as Incredibuild is not installed on this machine.
[2023.02.24-14.04.53:692][  0]LogShaderCompilers: Display: Using Local Shader Compiler.
[2023.02.24-14.04.54:249][  0]LogDerivedDataCache: Display: Max Cache Size: 512 MB
[2023.02.24-14.04.54:292][  0]LogDerivedDataCache: Loaded boot cache 0.04s 94MB C:/Users/moniq/AppData/Local/UnrealEngine/4.27/DerivedDataCache/Boot.ddc.
[2023.02.24-14.04.54:292][  0]LogDerivedDataCache: Display: Loaded Boot cache: C:/Users/moniq/AppData/Local/UnrealEngine/4.27/DerivedDataCache/Boot.ddc
[2023.02.24-14.04.54:292][  0]LogDerivedDataCache: FDerivedDataBackendGraph:  Pak pak cache file ../../../../../../Users/moniq/OneDrive/Documents/Unreal Projects/Progressive-Game-Engine-Project/Engine_Project/DerivedDataCache/DDC.ddp not found, will not use a pak cache.
[2023.02.24-14.04.54:292][  0]LogDerivedDataCache: Unable to find inner node Pak for hierarchical cache Hierarchy.
[2023.02.24-14.04.54:292][  0]LogDerivedDataCache: FDerivedDataBackendGraph:  CompressedPak pak cache file ../../../../../../Users/moniq/OneDrive/Documents/Unreal Projects/Progressive-Game-Engine-Project/Engine_Project/DerivedDataCache/Compressed.ddp not found, will not use a pak cache.
[2023.02.24-14.04.54:292][  0]LogDerivedDataCache: Unable to find inner node CompressedPak for hierarchical cache Hierarchy.
[2023.02.24-14.04.54:305][  0]LogDerivedDataCache: Display: Pak cache opened for reading ../../../Engine/DerivedDataCache/Compressed.ddp.
[2023.02.24-14.04.54:305][  0]LogDerivedDataCache: FDerivedDataBackendGraph:  EnterprisePak pak cache file ../../../Enterprise/DerivedDataCache/Compressed.ddp not found, will not use a pak cache.
[2023.02.24-14.04.54:305][  0]LogDerivedDataCache: Unable to find inner node EnterprisePak for hierarchical cache Hierarchy.
[2023.02.24-14.04.54:312][  0]LogDerivedDataCache: Speed tests for C:/Users/moniq/AppData/Local/UnrealEngine/Common/DerivedDataCache took 0.01 seconds
[2023.02.24-14.04.54:312][  0]LogDerivedDataCache: Display: Performance to C:/Users/moniq/AppData/Local/UnrealEngine/Common/DerivedDataCache: Latency=0.02ms. RandomReadSpeed=365.85MBs, RandomWriteSpeed=227.00MBs. Assigned SpeedClass 'Local'
[2023.02.24-14.04.54:313][  0]LogDerivedDataCache: Using Local data cache path C:/Users/moniq/AppData/Local/UnrealEngine/Common/DerivedDataCache: Writable
[2023.02.24-14.04.54:313][  0]LogDerivedDataCache: Shared data cache path not found in *engine.ini, will not use an Shared cache.
[2023.02.24-14.04.54:313][  0]LogDerivedDataCache: Unable to find inner node Shared for hierarchical cache Hierarchy.
[2023.02.24-14.04.54:349][  0]LogSlate: Using FreeType 2.10.0
[2023.02.24-14.04.54:349][  0]LogSlate: SlateFontServices - WITH_FREETYPE: 1, WITH_HARFBUZZ: 1
[2023.02.24-14.04.54:368][  0]LogAssetRegistry: FAssetRegistry took 0.0025 seconds to start up
[2023.02.24-14.04.54:529][  0]LogInit: Selected Device Profile: [Windows]
[2023.02.24-14.04.54:529][  0]LogInit: Active device profile: [0000013CD2DEA900][0000013CD27FD440 49] Windows
[2023.02.24-14.04.54:529][  0]LogInit: Profiles: [0000013CD2DEA900][0000013CD27FD440 49] Windows, [0000013CD2D9D800][0000013CD2801700 49] WindowsNoEditor, [0000013CD2DE9800][0000013CD28059C0 49] WindowsServer, [0000013CD2D9CC00][0000013CD2808100 49] WindowsClient, [0000013CD2DE8B00][0000013CD280C3C0 49] IOS, [0000013CD2D9DC00][0000013CD2810680 49] iPadAir, [0000013CD2DE9B00][0000013CD2814940 49] iPadAir2, [0000013CD2D5B400][0000013CD2828E80 49] IPadPro, [0000013CD2D5B500][0000013CD2818EC0 49] iPadAir3, [0000013CD2DE8E00][0000013CC5ADD140 49] iPadAir4, [0000013CD2D59D00][0000013CD28213C0 49] iPadMini2, [0000013CD2DE9A00][0000013CD2825680 49] iPadMini3, [0000013CD2D5A000][0000013CD282D940 49] iPadMini4, [0000013CD2DEA000][0000013CD2831C00 49] iPadMini5, [0000013CD2D8AD00][0000013CD28445C0 49] iPhone6, [0000013CD2D8AE00][0000013CD2834600 49] iPodTouch6, [0000013CD2D58C00][0000013CD284CB40 49] iPhone7, [0000013CD2D58A00][0000013CD283CB80 49] iPodTouch7, [0000013CD2D89D00][0000013CD2840E40 49] iPhone5S, [0000013CD2D58B00][0000013CD2839100 49] iPhone6Plus, [0000013CD2D8A200][0000013CD281D380 49] iPhone6S, [0000013CD2D59900][0000013CD2849600 49] iPhone6SPlus, [0000013CD2D8A000][0000013CD28558C0 49] iPhone7Plus, [0000013CD2D5A200][0000013CD2859B80 49] iPhoneSE, [0000013CD2D89B00][0000013CD285C2C0 49] iPhone8, [0000013CD2D5B800][0000013CD2860580 49] iPhone8Plus, [0000013CD2D8A500][0000013CD2868840 49] iPhoneX, [0000013CD2D5A400][0000013CD286CB00 49] iPhoneXS, [0000013CD2D8A400][0000013CC7CAEDC0 49] iPhoneXSMax, [0000013CD2D58400][0000013CC7CB3080 49] iPhoneXR, [0000013CD2D8B500][0000013CC7CB7340 49] iPhone11, [0000013CD2D58500][0000013CD28515C0 49] iPhone11Pro, [0000013CD2D89100][0000013CCD317840 49] iPhone11ProMax, [0000013CD2D5AD00][0000013CC7CBFB00 49] iPhoneSE2, [0000013CD2D8BD00][0000013CC83B6240 49] iPhone12Mini, [0000013CD2D58D00][0000013CC4BE2500 49] iPhone12, [0000013CD2D88F00][0000013CC4C0E7C0 49] iPhone12Pro, [0000013CD2D5B100][0000013CC4C12A80 49] iPhone12ProMax, [0000013CD2D88B00][0000013CC4C1ED40 49] iPadPro105, [0000013CD2D58900][0000013CC4C23000 49] iPadPro129, [0000013CD2D8B100][0000013CC4C272C0 49] iPadPro97, [0000013CD2D59500][0000013CD388D580 49] iPadPro2_129, [0000013CD2D89000][0000013CC7CBB800 49] iPad5, [0000013CD2D59B00][0000013CD3C57A80 49] iPad6, [0000013CD2D88500][0000013CD3C5E1C0 49] iPad7, [0000013CD2D58E00][0000013CD3C62480 49] iPad8, [0000013CD2D8B200][0000013CD3C66740 49] iPadPro11, [0000013CD2D5A900][0000013CD3C6AA00 49] iPadPro2_11, [0000013CD2D8A900][0000013CD3C6ECC0 49] iPadPro3_129, [0000013CD2E28700][0000013CD3C72F80 49] iPadPro4_129, [0000013CD2D9F500][0000013CD3C77240 49] AppleTV, [0000013CD2E29300][0000013CD3C7B500 49] AppleTV4K, [0000013CD2D9DA00][0000013CD38917C0 49] TVOS, [0000013CD2E29500][0000013CD3C5BA40 49] Mac, [0000013CD2D9CE00][0000013CD3894140 49] MacClient, [0000013CD2E28800][0000013CD389C400 49] MacNoEditor, [0000013CD2D9E200][0000013CD38A06C0 49] MacServer, [0000013CD2E28300][0000013CD38A4980 49] Linux, [0000013CD2D9D100][0000013CD38A8C40 49] LinuxAArch64, [0000013CD2E29200][0000013CD38ACF00 49] LinuxNoEditor, [0000013CD2D9E800][0000013CD38B11C0 49] LinuxAArch64NoEditor, [0000013CD2D89700][0000013CD38B5480 49] LinuxClient, [0000013CD2D9F800][0000013CD38B9740 49] LinuxAArch64Client, [0000013CD2D8AF00][0000013CD38BDA00 49] LinuxServer, [0000013CD2D9CD00][0000013CD3898100 49] LinuxAArch64Server, [0000013CD2D5BA00][0000013CD38C0380 49] Android, [0000013CD2D9F700][0000013CD38C8640 49] Android_Low, [0000013CD2D5A500][0000013CD38CC900 49] Android_Mid, [0000013CD2D9C600][0000013CD38D0BC0 49] Android_High, [0000013CD2D59200][0000013CD38D4E80 49] Android_Default, [0000013CD2D9E500][0000013CD38D9140 49] Android_Adreno4xx, [0000013CD2D59400][0000013CD38DD400 49] Android_Adreno5xx_Low, [0000013CD2D9DF00][0000013CD38E16C0 49] Android_Adreno5xx, [0000013CD2D58F00][0000013CD38E5980 49] Android_Adreno6xx, [0000013CD2D9DB00][0000013CD38E80C0 49] Android_Adreno6xx_Vulkan, [0000013CD2D59C00][0000013CD38C4340 49] Android_Mali_T6xx, [0000013CD2D9D300][0000013CC7C305C0 49] Android_Mali_T7xx, [0000013CD2D58800][0000013CC7C38880 49] Android_Mali_T8xx, [0000013CD2D9E100][0000013CC7C3CB40 49] Android_Mali_G71, [0000013CD2D59A00][0000013CC7C40E00 49] Android_Mali_G72, [0000013CD2D9D000][0000013CC7C450C0 49] Android_Mali_G72_Vulkan, [0000013CD2D5AC00][0000013CC7C49380 49] Android_Mali_G76, [0000013CD2D9F200][0000013CC7C4D640 49] Android_Mali_G76_Vulkan, [0000013CD2D5B200][0000013CC7C51900 49] Android_Mali_G77, [0000013CD2D9FC00][0000013CC7C55BC0 49] Android_Mali_G77_Vulkan, [0000013CD2D5A600][0000013CC7C58300 49] Android_Mali_G78, [0000013CD2D9FB00][0000013CC7C34580 49] Android_Mali_G78_Vulkan, [0000013CD2D58700][0000013CC7C5C800 49] Android_Mali_G710, [0000013CD2D9C700][0000013CC7C64AC0 49] Android_Mali_G710_Vulkan, [0000013CD2D5B900][0000013CC7C68D80 49] Android_Vulkan_SM5, [0000013CD2D9C100][0000013CC7C6D040 49] Android_PowerVR_G6xxx, [0000013CD2D5B700][0000013CC7C71300 49] Android_PowerVR_GT7xxx, [0000013CD2D9E700][0000013CC7C755C0 49] Android_PowerVR_GE8xxx, [0000013CD2D5AE00][0000013CC7C79880 49] Android_PowerVR_GM9xxx, [0000013CD2D9E900][0000013CC7C7DB40 49] Android_PowerVR_GM9xxx_Vulkan, [0000013CD2D58600][0000013CC7C80280 49] Android_TegraK1, [0000013CD2D9C200][0000013CC7C84540 49] Android_Unknown_Vulkan, [0000013CD2D5A300][0000013CC7C607C0 49] Lumin, [0000013CD2D9E300][0000013CC7C88A40 49] Lumin_Desktop, [0000013CD2D59700][0000013CC7C90D00 49] HoloLens, 
[2023.02.24-14.04.54:621][  0]LogMeshReduction: Using QuadricMeshReduction for automatic static mesh reduction
[2023.02.24-14.04.54:621][  0]LogMeshReduction: Using SimplygonMeshReduction for automatic skeletal mesh reduction
[2023.02.24-14.04.54:621][  0]LogMeshReduction: Using ProxyLODMeshReduction for automatic mesh merging
[2023.02.24-14.04.54:621][  0]LogMeshReduction: No distributed automatic mesh merging module available
[2023.02.24-14.04.54:621][  0]LogMeshMerging: No distributed automatic mesh merging module available
[2023.02.24-14.04.54:632][  0]LogNetVersion: Engine_Project 1.0.0, NetCL: 17155196, EngineNetVer: 17, GameNetVer: 0 (Checksum: 613141411)
[2023.02.24-14.04.54:896][  0]LogTexture: Default maximum texture size for cubemaps generated from long-lat sources has been changed from 512 to unlimited. In order to preserve old behaiour for '/Engine/MapTemplates/Sky/DaylightAmbientCubemap.DaylightAmbientCubemap', its maximum texture size has been explicitly set to 512.
[2023.02.24-14.04.54:940][  0]LogHMD: PokeAHoleMaterial loaded successfully
[2023.02.24-14.04.54:944][  0]LogUObjectArray: 17178 objects as part of root set at end of initial load.
[2023.02.24-14.04.54:944][  0]LogUObjectAllocator: 4302048 out of 0 bytes used by permanent object pool.
[2023.02.24-14.04.54:944][  0]LogUObjectArray: CloseDisregardForGC: 0/0 objects in disregard for GC pool
[2023.02.24-14.04.55:130][  0]LogNiagaraDebuggerClient: Niagara Debugger Client Initialized | Session: 6E3C13754EE89C3A76B6C2BF4E482B84 | Instance: 2F747D8B4B0DE0524CD12797A3C06FAA (MSI-2312).
[2023.02.24-14.04.55:211][  0]LogPython: Using Python 3.7.7
[2023.02.24-14.04.55:571][  0]LogTcpMessaging: Initializing TcpMessaging bridge
[2023.02.24-14.04.55:574][  0]LogUdpMessaging: Initializing bridge on interface 0.0.0.0:0 to multicast group 230.0.0.1:6666.
[2023.02.24-14.04.55:718][  0]SourceControl: Source control is disabled
[2023.02.24-14.04.55:718][  0]SourceControl: Source control is disabled
[2023.02.24-14.04.55:720][  0]SourceControl: Source control is disabled
[2023.02.24-14.04.55:722][  0]SourceControl: Source control is disabled
[2023.02.24-14.04.55:725][  0]SourceControl: Source control is disabled
[2023.02.24-14.04.55:729][  0]LogUProjectInfo: Found projects:
[2023.02.24-14.04.55:836][  0]LogOpenImageDenoise: OIDN starting up
[2023.02.24-14.04.55:843][  0]LogAndroidPermission: UAndroidPermissionCallbackProxy::GetInstance
[2023.02.24-14.04.55:856][  0]LogAudioCaptureCore: Display: No Audio Capture implementations found. Audio input will be silent.
[2023.02.24-14.04.55:856][  0]LogAudioCaptureCore: Display: No Audio Capture implementations found. Audio input will be silent.
[2023.02.24-14.04.55:937][  0]LogCollectionManager: Loaded 0 collections in 0.001151 seconds
[2023.02.24-14.04.55:956][  0]LogFileCache: Scanning file cache for directory 'C:/Users/moniq/OneDrive/Documents/Unreal Projects/Progressive-Game-Engine-Project/Engine_Project/Saved/Collections/' took 0.00s
[2023.02.24-14.04.55:956][  0]LogFileCache: Scanning file cache for directory 'C:/Users/moniq/OneDrive/Documents/Unreal Projects/Progressive-Game-Engine-Project/Engine_Project/Content/Developers/moniq/Collections/' took 0.00s
[2023.02.24-14.04.55:956][  0]LogFileCache: Scanning file cache for directory 'C:/Users/moniq/OneDrive/Documents/Unreal Projects/Progressive-Game-Engine-Project/Engine_Project/Content/Collections/' took 0.00s
[2023.02.24-14.04.55:956][  0]LogOcInput: OculusInput pre-init called
[2023.02.24-14.04.56:114][  0]LogEngine: Initializing Engine...
[2023.02.24-14.04.56:116][  0]LogHMD: Failed to enumerate extensions. Please check that you have a valid OpenXR runtime installed.
[2023.02.24-14.04.56:116][  0]LogHMD: Failed to initialize OpenVR with code 110
[2023.02.24-14.04.56:116][  0]LogMagicLeap: Warning: VR disabled because ZI is not enabled.  To enable, in the editor, Edit -> Project Settings -> Plugins -> Magic Leap Plugin -> Enable Zero Iteration
[2023.02.24-14.04.56:117][  0]LogStats: UGameplayTagsManager::InitializeManager -  0.000 s
[2023.02.24-14.04.56:201][  0]LogInit: Initializing FReadOnlyCVARCache
[2023.02.24-14.04.56:208][  0]LogAIModule: Creating AISystem for world Untitled
[2023.02.24-14.04.56:212][  0]LogAudio: Display: Initializing Audio Device Manager...
[2023.02.24-14.04.56:215][  0]LogAudio: Display: Loading Default Audio Settings Objects...
[2023.02.24-14.04.56:215][  0]LogAudio: Display: No default SoundConcurrencyObject specified (or failed to load).
[2023.02.24-14.04.56:215][  0]LogAudio: Display: Audio Device Manager Initialized
[2023.02.24-14.04.56:215][  0]LogAudio: Display: Creating Audio Device:                 Id: 1, Scope: Shared, Realtime: True
[2023.02.24-14.04.56:215][  0]LogAudioMixer: Display: Audio Mixer Platform Settings:
[2023.02.24-14.04.56:215][  0]LogAudioMixer: Display: 	Sample Rate:						  48000
[2023.02.24-14.04.56:215][  0]LogAudioMixer: Display: 	Callback Buffer Frame Size Requested: 1024
[2023.02.24-14.04.56:215][  0]LogAudioMixer: Display: 	Callback Buffer Frame Size To Use:	  1024
[2023.02.24-14.04.56:215][  0]LogAudioMixer: Display: 	Number of buffers to queue:			  2
[2023.02.24-14.04.56:215][  0]LogAudioMixer: Display: 	Max Channels (voices):				  32
[2023.02.24-14.04.56:215][  0]LogAudioMixer: Display: 	Number of Async Source Workers:		  0
[2023.02.24-14.04.56:216][  0]LogAudio: Display: AudioDevice MaxSources: 32
[2023.02.24-14.04.56:216][  0]LogAudio: Display: Audio Spatialization Plugin: None (built-in).
[2023.02.24-14.04.56:216][  0]LogAudio: Display: Audio Reverb Plugin: None (built-in).
[2023.02.24-14.04.56:216][  0]LogAudio: Display: Audio Occlusion Plugin: None (built-in).
[2023.02.24-14.04.56:216][  0]LogAudioMixer: Display: Initializing audio mixer.
[2023.02.24-14.04.56:249][  0]LogAudioMixer: Display: 0: FrontLeft
[2023.02.24-14.04.56:249][  0]LogAudioMixer: Display: 1: FrontRight
[2023.02.24-14.04.56:368][  0]LogAudioMixer: Display: Using Audio Device Speakers (Realtek(R) Audio)
[2023.02.24-14.04.56:369][  0]LogAudioMixer: Display: Initializing Sound Submixes...
[2023.02.24-14.04.56:372][  0]LogAudioMixer: Display: Creating Master Submix 'MasterSubmixDefault'
[2023.02.24-14.04.56:372][  0]LogAudioMixer: Display: Creating Master Submix 'MasterReverbSubmixDefault'
[2023.02.24-14.04.56:372][  0]LogAudioMixer: Display: Creating Master Submix 'MasterEQSubmixDefault'
[2023.02.24-14.04.56:373][  0]LogAudioMixer: FMixerPlatformXAudio2::StartAudioStream() called
[2023.02.24-14.04.56:373][  0]LogAudioMixer: Display: Output buffers initialized: Frames=1024, Channels=2, Samples=2048
[2023.02.24-14.04.56:373][  0]LogAudioMixer: Display: Starting AudioMixerPlatformInterface::RunInternal()
[2023.02.24-14.04.56:373][  0]LogAudioMixer: Display: FMixerPlatformXAudio2::SubmitBuffer() called for the first time
[2023.02.24-14.04.56:373][  0]LogInit: FAudioDevice initialized.
[2023.02.24-14.04.56:373][  0]LogAudio: Display: Audio Device (ID: 1) registered with world 'Untitled'.
[2023.02.24-14.04.56:373][  0]LogNetVersion: Set ProjectVersion to 1.0.0.0. Version Checksum will be recalculated on next use.
[2023.02.24-14.04.56:631][  0]LogDerivedDataCache: Saved boot cache 0.26s 94MB C:/Users/moniq/AppData/Local/UnrealEngine/4.27/DerivedDataCache/Boot.ddc.
[2023.02.24-14.04.56:631][  0]LogInit: Texture streaming: Enabled
[2023.02.24-14.04.56:639][  0]LogAnalytics: Display: [UEEditor.Rocket.Release] APIServer = https://datarouter.ol.epicgames.com/. AppVersion = 4.27.2-18319896+++UE4+Release-4.27
[2023.02.24-14.04.56:641][  0]LogEngineSessionManager: EngineSessionManager initialized
[2023.02.24-14.04.56:642][  0]LogEditorSessionSummary: Verbose: Initializing EditorSessionSummaryWriter for editor session tracking
[2023.02.24-14.04.56:642][  0]LogEditorSessionSummary: EditorSessionSummaryWriter initialized
[2023.02.24-14.04.56:660][  0]LogInit: Transaction tracking system initialized
[2023.02.24-14.04.56:673][  0]BlueprintLog: New page: Editor Load
[2023.02.24-14.04.56:711][  0]LocalizationService: Localization service is disabled
[2023.02.24-14.04.56:725][  0]TimingProfiler: Initialize
[2023.02.24-14.04.56:725][  0]TimingProfiler: OnSessionChanged
[2023.02.24-14.04.56:725][  0]LoadingProfiler: Initialize
[2023.02.24-14.04.56:725][  0]LoadingProfiler: OnSessionChanged
[2023.02.24-14.04.56:725][  0]NetworkingProfiler: Initialize
[2023.02.24-14.04.56:726][  0]NetworkingProfiler: OnSessionChanged
[2023.02.24-14.04.56:726][  0]MemoryProfiler: Initialize
[2023.02.24-14.04.56:726][  0]MemoryProfiler: OnSessionChanged
[2023.02.24-14.04.56:826][  0]LogCook: Display: CookSettings for Memory: MemoryMaxUsedVirtual 0MiB, MemoryMaxUsedPhysical 16384MiB, MemoryMinFreeVirtual 0MiB, MemoryMinFreePhysical 1024MiB
[2023.02.24-14.04.56:826][  0]LogCook: Display: Mobile HDR setting 1
[2023.02.24-14.04.56:946][  0]LogFileCache: Scanning file cache for directory 'C:/Users/moniq/OneDrive/Documents/Unreal Projects/Progressive-Game-Engine-Project/Engine_Project/Content/' took 0.01s
[2023.02.24-14.04.57:064][  0]LogInit: Display: Engine is initialized. Leaving FEngineLoop::Init()
[2023.02.24-14.04.57:067][  0]SourceControl: Source control is disabled
[2023.02.24-14.04.57:067][  0]LogUnrealEdMisc: Loading editor; pre map load, took 4.937
[2023.02.24-14.04.57:067][  0]LightingResults: New page: Lighting Build
[2023.02.24-14.04.57:068][  0]LogWorld: UWorld::CleanupWorld for Untitled, bSessionEnded=true, bCleanupResources=true
[2023.02.24-14.04.57:068][  0]LogSlate: InvalidateAllWidgets triggered.  All widgets were invalidated
[2023.02.24-14.04.57:068][  0]MapCheck: New page: Map Check
[2023.02.24-14.04.57:068][  0]LightingResults: New page: Lighting Build
[2023.02.24-14.04.57:071][  0]LogAudio: Display: Audio Device unregistered from world 'None'.
[2023.02.24-14.04.57:073][  0]LogUObjectHash: Compacting FUObjectHashTables data took   0.56ms
[2023.02.24-14.04.57:174][  0]LogAudio: Display: Audio Device (ID: 1) registered with world 'ThirdPersonExampleMap'.
[2023.02.24-14.04.57:175][  0]LogAIModule: Creating AISystem for world ThirdPersonExampleMap
[2023.02.24-14.04.57:179][  0]LogEditorServer: Finished looking for orphan Actors (0.000 secs)
[2023.02.24-14.04.57:198][  0]LogUObjectHash: Compacting FUObjectHashTables data took   0.61ms
[2023.02.24-14.04.57:198][  0]Cmd: MAP CHECKDEP NOCLEARLOG
[2023.02.24-14.04.57:199][  0]MapCheck: Map check complete: 0 Error(s), 0 Warning(s), took 0.162ms to complete.
[2023.02.24-14.04.57:199][  0]LogFileHelpers: Loading map 'ThirdPersonExampleMap' took 0.132
[2023.02.24-14.04.57:200][  0]LogUnrealEdMisc: Total Editor Startup Time, took 5.070
[2023.02.24-14.04.57:292][  0]LogSlate: Updating window title bar state: overlay mode, drag disabled, window buttons hidden, title bar hidden
[2023.02.24-14.04.57:296][  0]LogSlate: Updating window title bar state: overlay mode, drag disabled, window buttons hidden, title bar hidden
[2023.02.24-14.04.57:300][  0]LogSlate: Updating window title bar state: overlay mode, drag disabled, window buttons hidden, title bar hidden
[2023.02.24-14.04.57:303][  0]LogSlate: Updating window title bar state: overlay mode, drag disabled, window buttons hidden, title bar hidden
[2023.02.24-14.04.57:313][  0]LogNativeClassHierarchy: Verbose: Native class hierarchy populated in 0.0071 seconds. Added 3822 classes and 928 folders.
[2023.02.24-14.04.57:314][  0]LogNativeClassHierarchy: Verbose: Native class hierarchy updated for 'WidgetCarousel' in 0.0002 seconds. Added 0 classes and 0 folders.
[2023.02.24-14.04.57:315][  0]LogPakFile: PakFile PrimaryIndexSize=187
[2023.02.24-14.04.57:316][  0]LogPakFile: PakFile PathHashIndexSize=101
[2023.02.24-14.04.57:316][  0]LogPakFile: PakFile FullDirectoryIndexSize=148
[2023.02.24-14.04.57:316][  0]LogShaderLibrary: Display: ShaderCodeLibraryPakFileMountedCallback: PakFile 'C:/Program Files/Epic Games/UE_4.27/FeaturePacks/FP_FirstPerson.upack' (chunk index -1, root 'root:/') mounted
[2023.02.24-14.04.57:316][  0]LogShaderLibrary: Display: ShaderCodeLibraryPakFileMountedCallback: pending pak file info (ChunkID:-1 Root:root:/ File:C:/Program Files/Epic Games/UE_4.27/FeaturePacks/FP_FirstPerson.upack)
[2023.02.24-14.04.57:316][  0]LogPakFile: OnPakFileMounted2Time == 0.000057
[2023.02.24-14.04.57:316][  0]LogPakFile: PakFile PrimaryIndexSize=189
[2023.02.24-14.04.57:316][  0]LogPakFile: PakFile PathHashIndexSize=101
[2023.02.24-14.04.57:316][  0]LogPakFile: PakFile FullDirectoryIndexSize=152
[2023.02.24-14.04.57:316][  0]LogShaderLibrary: Display: ShaderCodeLibraryPakFileMountedCallback: PakFile 'C:/Program Files/Epic Games/UE_4.27/FeaturePacks/FP_FirstPersonBP.upack' (chunk index -1, root 'root:/') mounted
[2023.02.24-14.04.57:316][  0]LogShaderLibrary: Display: ShaderCodeLibraryPakFileMountedCallback: pending pak file info (ChunkID:-1 Root:root:/ File:C:/Program Files/Epic Games/UE_4.27/FeaturePacks/FP_FirstPersonBP.upack)
[2023.02.24-14.04.57:316][  0]LogPakFile: OnPakFileMounted2Time == 0.000027
[2023.02.24-14.04.57:316][  0]LogPakFile: PakFile PrimaryIndexSize=191
[2023.02.24-14.04.57:316][  0]LogPakFile: PakFile PathHashIndexSize=101
[2023.02.24-14.04.57:316][  0]LogPakFile: PakFile FullDirectoryIndexSize=160
[2023.02.24-14.04.57:316][  0]LogShaderLibrary: Display: ShaderCodeLibraryPakFileMountedCallback: PakFile 'C:/Program Files/Epic Games/UE_4.27/FeaturePacks/MobileStarterContent.upack' (chunk index -1, root 'root:/') mounted
[2023.02.24-14.04.57:316][  0]LogShaderLibrary: Display: ShaderCodeLibraryPakFileMountedCallback: pending pak file info (ChunkID:-1 Root:root:/ File:C:/Program Files/Epic Games/UE_4.27/FeaturePacks/MobileStarterContent.upack)
[2023.02.24-14.04.57:317][  0]LogPakFile: OnPakFileMounted2Time == 0.000024
[2023.02.24-14.04.57:317][  0]LogPakFile: PakFile PrimaryIndexSize=185
[2023.02.24-14.04.57:317][  0]LogPakFile: PakFile PathHashIndexSize=101
[2023.02.24-14.04.57:317][  0]LogPakFile: PakFile FullDirectoryIndexSize=148
[2023.02.24-14.04.57:317][  0]LogShaderLibrary: Display: ShaderCodeLibraryPakFileMountedCallback: PakFile 'C:/Program Files/Epic Games/UE_4.27/FeaturePacks/StarterContent.upack' (chunk index -1, root 'root:/') mounted
[2023.02.24-14.04.57:317][  0]LogShaderLibrary: Display: ShaderCodeLibraryPakFileMountedCallback: pending pak file info (ChunkID:-1 Root:root:/ File:C:/Program Files/Epic Games/UE_4.27/FeaturePacks/StarterContent.upack)
[2023.02.24-14.04.57:317][  0]LogPakFile: OnPakFileMounted2Time == 0.000025
[2023.02.24-14.04.57:317][  0]LogPakFile: PakFile PrimaryIndexSize=190
[2023.02.24-14.04.57:317][  0]LogPakFile: PakFile PathHashIndexSize=101
[2023.02.24-14.04.57:317][  0]LogPakFile: PakFile FullDirectoryIndexSize=154
[2023.02.24-14.04.57:317][  0]LogShaderLibrary: Display: ShaderCodeLibraryPakFileMountedCallback: PakFile 'C:/Program Files/Epic Games/UE_4.27/FeaturePacks/TP_2DSideScroller.upack' (chunk index -1, root 'root:/') mounted
[2023.02.24-14.04.57:317][  0]LogShaderLibrary: Display: ShaderCodeLibraryPakFileMountedCallback: pending pak file info (ChunkID:-1 Root:root:/ File:C:/Program Files/Epic Games/UE_4.27/FeaturePacks/TP_2DSideScroller.upack)
[2023.02.24-14.04.57:317][  0]LogPakFile: OnPakFileMounted2Time == 0.000024
[2023.02.24-14.04.57:318][  0]LogPakFile: PakFile PrimaryIndexSize=192
[2023.02.24-14.04.57:318][  0]LogPakFile: PakFile PathHashIndexSize=101
[2023.02.24-14.04.57:318][  0]LogPakFile: PakFile FullDirectoryIndexSize=158
[2023.02.24-14.04.57:318][  0]LogShaderLibrary: Display: ShaderCodeLibraryPakFileMountedCallback: PakFile 'C:/Program Files/Epic Games/UE_4.27/FeaturePacks/TP_2DSideScrollerBP.upack' (chunk index -1, root 'root:/') mounted
[2023.02.24-14.04.57:318][  0]LogShaderLibrary: Display: ShaderCodeLibraryPakFileMountedCallback: pending pak file info (ChunkID:-1 Root:root:/ File:C:/Program Files/Epic Games/UE_4.27/FeaturePacks/TP_2DSideScrollerBP.upack)
[2023.02.24-14.04.57:318][  0]LogPakFile: OnPakFileMounted2Time == 0.000028
[2023.02.24-14.04.57:318][  0]LogPakFile: PakFile PrimaryIndexSize=182
[2023.02.24-14.04.57:318][  0]LogPakFile: PakFile PathHashIndexSize=101
[2023.02.24-14.04.57:318][  0]LogPakFile: PakFile FullDirectoryIndexSize=138
[2023.02.24-14.04.57:318][  0]LogShaderLibrary: Display: ShaderCodeLibraryPakFileMountedCallback: PakFile 'C:/Program Files/Epic Games/UE_4.27/FeaturePacks/TP_Flying.upack' (chunk index -1, root 'root:/') mounted
[2023.02.24-14.04.57:318][  0]LogShaderLibrary: Display: ShaderCodeLibraryPakFileMountedCallback: pending pak file info (ChunkID:-1 Root:root:/ File:C:/Program Files/Epic Games/UE_4.27/FeaturePacks/TP_Flying.upack)
[2023.02.24-14.04.57:318][  0]LogPakFile: OnPakFileMounted2Time == 0.000022
[2023.02.24-14.04.57:318][  0]LogPakFile: PakFile PrimaryIndexSize=184
[2023.02.24-14.04.57:318][  0]LogPakFile: PakFile PathHashIndexSize=101
[2023.02.24-14.04.57:318][  0]LogPakFile: PakFile FullDirectoryIndexSize=142
[2023.02.24-14.04.57:318][  0]LogShaderLibrary: Display: ShaderCodeLibraryPakFileMountedCallback: PakFile 'C:/Program Files/Epic Games/UE_4.27/FeaturePacks/TP_FlyingBP.upack' (chunk index -1, root 'root:/') mounted
[2023.02.24-14.04.57:318][  0]LogShaderLibrary: Display: ShaderCodeLibraryPakFileMountedCallback: pending pak file info (ChunkID:-1 Root:root:/ File:C:/Program Files/Epic Games/UE_4.27/FeaturePacks/TP_FlyingBP.upack)
[2023.02.24-14.04.57:318][  0]LogPakFile: OnPakFileMounted2Time == 0.000022
[2023.02.24-14.04.57:319][  0]LogPakFile: PakFile PrimaryIndexSize=188
[2023.02.24-14.04.57:319][  0]LogPakFile: PakFile PathHashIndexSize=101
[2023.02.24-14.04.57:319][  0]LogPakFile: PakFile FullDirectoryIndexSize=150
[2023.02.24-14.04.57:319][  0]LogShaderLibrary: Display: ShaderCodeLibraryPakFileMountedCallback: PakFile 'C:/Program Files/Epic Games/UE_4.27/FeaturePacks/TP_HandheldARBP.upack' (chunk index -1, root 'root:/') mounted
[2023.02.24-14.04.57:319][  0]LogShaderLibrary: Display: ShaderCodeLibraryPakFileMountedCallback: pending pak file info (ChunkID:-1 Root:root:/ File:C:/Program Files/Epic Games/UE_4.27/FeaturePacks/TP_HandheldARBP.upack)
[2023.02.24-14.04.57:319][  0]LogPakFile: OnPakFileMounted2Time == 0.000023
[2023.02.24-14.04.57:319][  0]LogPakFile: PakFile PrimaryIndexSize=182
[2023.02.24-14.04.57:319][  0]LogPakFile: PakFile PathHashIndexSize=101
[2023.02.24-14.04.57:319][  0]LogPakFile: PakFile FullDirectoryIndexSize=138
[2023.02.24-14.04.57:319][  0]LogShaderLibrary: Display: ShaderCodeLibraryPakFileMountedCallback: PakFile 'C:/Program Files/Epic Games/UE_4.27/FeaturePacks/TP_Puzzle.upack' (chunk index -1, root 'root:/') mounted
[2023.02.24-14.04.57:319][  0]LogShaderLibrary: Display: ShaderCodeLibraryPakFileMountedCallback: pending pak file info (ChunkID:-1 Root:root:/ File:C:/Program Files/Epic Games/UE_4.27/FeaturePacks/TP_Puzzle.upack)
[2023.02.24-14.04.57:319][  0]LogPakFile: OnPakFileMounted2Time == 0.000025
[2023.02.24-14.04.57:319][  0]LogPakFile: PakFile PrimaryIndexSize=184
[2023.02.24-14.04.57:319][  0]LogPakFile: PakFile PathHashIndexSize=101
[2023.02.24-14.04.57:320][  0]LogPakFile: PakFile FullDirectoryIndexSize=142
[2023.02.24-14.04.57:320][  0]LogShaderLibrary: Display: ShaderCodeLibraryPakFileMountedCallback: PakFile 'C:/Program Files/Epic Games/UE_4.27/FeaturePacks/TP_PuzzleBP.upack' (chunk index -1, root 'root:/') mounted
[2023.02.24-14.04.57:320][  0]LogShaderLibrary: Display: ShaderCodeLibraryPakFileMountedCallback: pending pak file info (ChunkID:-1 Root:root:/ File:C:/Program Files/Epic Games/UE_4.27/FeaturePacks/TP_PuzzleBP.upack)
[2023.02.24-14.04.57:320][  0]LogPakFile: OnPakFileMounted2Time == 0.000022
[2023.02.24-14.04.57:320][  0]LogPakFile: PakFile PrimaryIndexSize=183
[2023.02.24-14.04.57:320][  0]LogPakFile: PakFile PathHashIndexSize=101
[2023.02.24-14.04.57:320][  0]LogPakFile: PakFile FullDirectoryIndexSize=140
[2023.02.24-14.04.57:320][  0]LogShaderLibrary: Display: ShaderCodeLibraryPakFileMountedCallback: PakFile 'C:/Program Files/Epic Games/UE_4.27/FeaturePacks/TP_Rolling.upack' (chunk index -1, root 'root:/') mounted
[2023.02.24-14.04.57:320][  0]LogShaderLibrary: Display: ShaderCodeLibraryPakFileMountedCallback: pending pak file info (ChunkID:-1 Root:root:/ File:C:/Program Files/Epic Games/UE_4.27/FeaturePacks/TP_Rolling.upack)
[2023.02.24-14.04.57:320][  0]LogPakFile: OnPakFileMounted2Time == 0.000022
[2023.02.24-14.04.57:320][  0]LogPakFile: PakFile PrimaryIndexSize=185
[2023.02.24-14.04.57:320][  0]LogPakFile: PakFile PathHashIndexSize=101
[2023.02.24-14.04.57:320][  0]LogPakFile: PakFile FullDirectoryIndexSize=144
[2023.02.24-14.04.57:320][  0]LogShaderLibrary: Display: ShaderCodeLibraryPakFileMountedCallback: PakFile 'C:/Program Files/Epic Games/UE_4.27/FeaturePacks/TP_RollingBP.upack' (chunk index -1, root 'root:/') mounted
[2023.02.24-14.04.57:320][  0]LogShaderLibrary: Display: ShaderCodeLibraryPakFileMountedCallback: pending pak file info (ChunkID:-1 Root:root:/ File:C:/Program Files/Epic Games/UE_4.27/FeaturePacks/TP_RollingBP.upack)
[2023.02.24-14.04.57:320][  0]LogPakFile: OnPakFileMounted2Time == 0.000021
[2023.02.24-14.04.57:321][  0]LogPakFile: PakFile PrimaryIndexSize=188
[2023.02.24-14.04.57:321][  0]LogPakFile: PakFile PathHashIndexSize=101
[2023.02.24-14.04.57:321][  0]LogPakFile: PakFile FullDirectoryIndexSize=150
[2023.02.24-14.04.57:321][  0]LogShaderLibrary: Display: ShaderCodeLibraryPakFileMountedCallback: PakFile 'C:/Program Files/Epic Games/UE_4.27/FeaturePacks/TP_SideScroller.upack' (chunk index -1, root 'root:/') mounted
[2023.02.24-14.04.57:321][  0]LogShaderLibrary: Display: ShaderCodeLibraryPakFileMountedCallback: pending pak file info (ChunkID:-1 Root:root:/ File:C:/Program Files/Epic Games/UE_4.27/FeaturePacks/TP_SideScroller.upack)
[2023.02.24-14.04.57:321][  0]LogPakFile: OnPakFileMounted2Time == 0.000022
[2023.02.24-14.04.57:321][  0]LogPakFile: PakFile PrimaryIndexSize=190
[2023.02.24-14.04.57:321][  0]LogPakFile: PakFile PathHashIndexSize=101
[2023.02.24-14.04.57:321][  0]LogPakFile: PakFile FullDirectoryIndexSize=154
[2023.02.24-14.04.57:321][  0]LogShaderLibrary: Display: ShaderCodeLibraryPakFileMountedCallback: PakFile 'C:/Program Files/Epic Games/UE_4.27/FeaturePacks/TP_SideScrollerBP.upack' (chunk index -1, root 'root:/') mounted
[2023.02.24-14.04.57:321][  0]LogShaderLibrary: Display: ShaderCodeLibraryPakFileMountedCallback: pending pak file info (ChunkID:-1 Root:root:/ File:C:/Program Files/Epic Games/UE_4.27/FeaturePacks/TP_SideScrollerBP.upack)
[2023.02.24-14.04.57:321][  0]LogPakFile: OnPakFileMounted2Time == 0.000022
[2023.02.24-14.04.57:321][  0]LogPakFile: PakFile PrimaryIndexSize=187
[2023.02.24-14.04.57:321][  0]LogPakFile: PakFile PathHashIndexSize=101
[2023.02.24-14.04.57:321][  0]LogPakFile: PakFile FullDirectoryIndexSize=148
[2023.02.24-14.04.57:321][  0]LogShaderLibrary: Display: ShaderCodeLibraryPakFileMountedCallback: PakFile 'C:/Program Files/Epic Games/UE_4.27/FeaturePacks/TP_ThirdPerson.upack' (chunk index -1, root 'root:/') mounted
[2023.02.24-14.04.57:321][  0]LogShaderLibrary: Display: ShaderCodeLibraryPakFileMountedCallback: pending pak file info (ChunkID:-1 Root:root:/ File:C:/Program Files/Epic Games/UE_4.27/FeaturePacks/TP_ThirdPerson.upack)
[2023.02.24-14.04.57:321][  0]LogPakFile: OnPakFileMounted2Time == 0.000021
[2023.02.24-14.04.57:322][  0]LogPakFile: PakFile PrimaryIndexSize=189
[2023.02.24-14.04.57:322][  0]LogPakFile: PakFile PathHashIndexSize=101
[2023.02.24-14.04.57:322][  0]LogPakFile: PakFile FullDirectoryIndexSize=152
[2023.02.24-14.04.57:322][  0]LogShaderLibrary: Display: ShaderCodeLibraryPakFileMountedCallback: PakFile 'C:/Program Files/Epic Games/UE_4.27/FeaturePacks/TP_ThirdPersonBP.upack' (chunk index -1, root 'root:/') mounted
[2023.02.24-14.04.57:322][  0]LogShaderLibrary: Display: ShaderCodeLibraryPakFileMountedCallback: pending pak file info (ChunkID:-1 Root:root:/ File:C:/Program Files/Epic Games/UE_4.27/FeaturePacks/TP_ThirdPersonBP.upack)
[2023.02.24-14.04.57:322][  0]LogPakFile: OnPakFileMounted2Time == 0.000022
[2023.02.24-14.04.57:322][  0]LogPakFile: PakFile PrimaryIndexSize=183
[2023.02.24-14.04.57:322][  0]LogPakFile: PakFile PathHashIndexSize=101
[2023.02.24-14.04.57:322][  0]LogPakFile: PakFile FullDirectoryIndexSize=140
[2023.02.24-14.04.57:322][  0]LogShaderLibrary: Display: ShaderCodeLibraryPakFileMountedCallback: PakFile 'C:/Program Files/Epic Games/UE_4.27/FeaturePacks/TP_TopDown.upack' (chunk index -1, root 'root:/') mounted
[2023.02.24-14.04.57:322][  0]LogShaderLibrary: Display: ShaderCodeLibraryPakFileMountedCallback: pending pak file info (ChunkID:-1 Root:root:/ File:C:/Program Files/Epic Games/UE_4.27/FeaturePacks/TP_TopDown.upack)
[2023.02.24-14.04.57:322][  0]LogPakFile: OnPakFileMounted2Time == 0.000028
[2023.02.24-14.04.57:322][  0]LogPakFile: PakFile PrimaryIndexSize=185
[2023.02.24-14.04.57:322][  0]LogPakFile: PakFile PathHashIndexSize=101
[2023.02.24-14.04.57:322][  0]LogPakFile: PakFile FullDirectoryIndexSize=144
[2023.02.24-14.04.57:322][  0]LogShaderLibrary: Display: ShaderCodeLibraryPakFileMountedCallback: PakFile 'C:/Program Files/Epic Games/UE_4.27/FeaturePacks/TP_TopDownBP.upack' (chunk index -1, root 'root:/') mounted
[2023.02.24-14.04.57:322][  0]LogShaderLibrary: Display: ShaderCodeLibraryPakFileMountedCallback: pending pak file info (ChunkID:-1 Root:root:/ File:C:/Program Files/Epic Games/UE_4.27/FeaturePacks/TP_TopDownBP.upack)
[2023.02.24-14.04.57:322][  0]LogPakFile: OnPakFileMounted2Time == 0.000021
[2023.02.24-14.04.57:323][  0]LogPakFile: PakFile PrimaryIndexSize=185
[2023.02.24-14.04.57:323][  0]LogPakFile: PakFile PathHashIndexSize=101
[2023.02.24-14.04.57:323][  0]LogPakFile: PakFile FullDirectoryIndexSize=144
[2023.02.24-14.04.57:323][  0]LogShaderLibrary: Display: ShaderCodeLibraryPakFileMountedCallback: PakFile 'C:/Program Files/Epic Games/UE_4.27/FeaturePacks/TP_TwinStick.upack' (chunk index -1, root 'root:/') mounted
[2023.02.24-14.04.57:323][  0]LogShaderLibrary: Display: ShaderCodeLibraryPakFileMountedCallback: pending pak file info (ChunkID:-1 Root:root:/ File:C:/Program Files/Epic Games/UE_4.27/FeaturePacks/TP_TwinStick.upack)
[2023.02.24-14.04.57:323][  0]LogPakFile: OnPakFileMounted2Time == 0.000023
[2023.02.24-14.04.57:323][  0]LogPakFile: PakFile PrimaryIndexSize=187
[2023.02.24-14.04.57:323][  0]LogPakFile: PakFile PathHashIndexSize=101
[2023.02.24-14.04.57:323][  0]LogPakFile: PakFile FullDirectoryIndexSize=148
[2023.02.24-14.04.57:323][  0]LogShaderLibrary: Display: ShaderCodeLibraryPakFileMountedCallback: PakFile 'C:/Program Files/Epic Games/UE_4.27/FeaturePacks/TP_TwinStickBP.upack' (chunk index -1, root 'root:/') mounted
[2023.02.24-14.04.57:323][  0]LogShaderLibrary: Display: ShaderCodeLibraryPakFileMountedCallback: pending pak file info (ChunkID:-1 Root:root:/ File:C:/Program Files/Epic Games/UE_4.27/FeaturePacks/TP_TwinStickBP.upack)
[2023.02.24-14.04.57:323][  0]LogPakFile: OnPakFileMounted2Time == 0.000022
[2023.02.24-14.04.57:323][  0]LogPakFile: PakFile PrimaryIndexSize=183
[2023.02.24-14.04.57:323][  0]LogPakFile: PakFile PathHashIndexSize=101
[2023.02.24-14.04.57:323][  0]LogPakFile: PakFile FullDirectoryIndexSize=140
[2023.02.24-14.04.57:323][  0]LogShaderLibrary: Display: ShaderCodeLibraryPakFileMountedCallback: PakFile 'C:/Program Files/Epic Games/UE_4.27/FeaturePacks/TP_Vehicle.upack' (chunk index -1, root 'root:/') mounted
[2023.02.24-14.04.57:323][  0]LogShaderLibrary: Display: ShaderCodeLibraryPakFileMountedCallback: pending pak file info (ChunkID:-1 Root:root:/ File:C:/Program Files/Epic Games/UE_4.27/FeaturePacks/TP_Vehicle.upack)
[2023.02.24-14.04.57:323][  0]LogPakFile: OnPakFileMounted2Time == 0.000022
[2023.02.24-14.04.57:324][  0]LogPakFile: PakFile PrimaryIndexSize=186
[2023.02.24-14.04.57:324][  0]LogPakFile: PakFile PathHashIndexSize=101
[2023.02.24-14.04.57:324][  0]LogPakFile: PakFile FullDirectoryIndexSize=146
[2023.02.24-14.04.57:324][  0]LogShaderLibrary: Display: ShaderCodeLibraryPakFileMountedCallback: PakFile 'C:/Program Files/Epic Games/UE_4.27/FeaturePacks/TP_VehicleAdv.upack' (chunk index -1, root 'root:/') mounted
[2023.02.24-14.04.57:324][  0]LogShaderLibrary: Display: ShaderCodeLibraryPakFileMountedCallback: pending pak file info (ChunkID:-1 Root:root:/ File:C:/Program Files/Epic Games/UE_4.27/FeaturePacks/TP_VehicleAdv.upack)
[2023.02.24-14.04.57:324][  0]LogPakFile: OnPakFileMounted2Time == 0.000022
[2023.02.24-14.04.57:324][  0]LogPakFile: PakFile PrimaryIndexSize=188
[2023.02.24-14.04.57:324][  0]LogPakFile: PakFile PathHashIndexSize=101
[2023.02.24-14.04.57:324][  0]LogPakFile: PakFile FullDirectoryIndexSize=150
[2023.02.24-14.04.57:324][  0]LogShaderLibrary: Display: ShaderCodeLibraryPakFileMountedCallback: PakFile 'C:/Program Files/Epic Games/UE_4.27/FeaturePacks/TP_VehicleAdvBP.upack' (chunk index -1, root 'root:/') mounted
[2023.02.24-14.04.57:324][  0]LogShaderLibrary: Display: ShaderCodeLibraryPakFileMountedCallback: pending pak file info (ChunkID:-1 Root:root:/ File:C:/Program Files/Epic Games/UE_4.27/FeaturePacks/TP_VehicleAdvBP.upack)
[2023.02.24-14.04.57:324][  0]LogPakFile: OnPakFileMounted2Time == 0.000025
[2023.02.24-14.04.57:324][  0]LogPakFile: PakFile PrimaryIndexSize=185
[2023.02.24-14.04.57:324][  0]LogPakFile: PakFile PathHashIndexSize=101
[2023.02.24-14.04.57:324][  0]LogPakFile: PakFile FullDirectoryIndexSize=144
[2023.02.24-14.04.57:324][  0]LogShaderLibrary: Display: ShaderCodeLibraryPakFileMountedCallback: PakFile 'C:/Program Files/Epic Games/UE_4.27/FeaturePacks/TP_VehicleBP.upack' (chunk index -1, root 'root:/') mounted
[2023.02.24-14.04.57:324][  0]LogShaderLibrary: Display: ShaderCodeLibraryPakFileMountedCallback: pending pak file info (ChunkID:-1 Root:root:/ File:C:/Program Files/Epic Games/UE_4.27/FeaturePacks/TP_VehicleBP.upack)
[2023.02.24-14.04.57:324][  0]LogPakFile: OnPakFileMounted2Time == 0.000025
[2023.02.24-14.04.57:325][  0]LogPakFile: PakFile PrimaryIndexSize=192
[2023.02.24-14.04.57:325][  0]LogPakFile: PakFile PathHashIndexSize=101
[2023.02.24-14.04.57:325][  0]LogPakFile: PakFile FullDirectoryIndexSize=158
[2023.02.24-14.04.57:325][  0]LogShaderLibrary: Display: ShaderCodeLibraryPakFileMountedCallback: PakFile 'C:/Program Files/Epic Games/UE_4.27/FeaturePacks/TP_VirtualRealityBP.upack' (chunk index -1, root 'root:/') mounted
[2023.02.24-14.04.57:325][  0]LogShaderLibrary: Display: ShaderCodeLibraryPakFileMountedCallback: pending pak file info (ChunkID:-1 Root:root:/ File:C:/Program Files/Epic Games/UE_4.27/FeaturePacks/TP_VirtualRealityBP.upack)
[2023.02.24-14.04.57:325][  0]LogPakFile: OnPakFileMounted2Time == 0.000023
[2023.02.24-14.04.57:352][  0]LogNativeClassHierarchy: Verbose: Native class hierarchy updated for 'AddContentDialog' in 0.0002 seconds. Added 0 classes and 0 folders.
[2023.02.24-14.04.57:353][  0]LogNativeClassHierarchy: Verbose: Native class hierarchy updated for 'SceneOutliner' in 0.0002 seconds. Added 2 classes and 0 folders.
[2023.02.24-14.04.57:400][  0]LogNativeClassHierarchy: Verbose: Native class hierarchy updated for 'HierarchicalLODOutliner' in 0.0003 seconds. Added 0 classes and 0 folders.
[2023.02.24-14.04.57:400][  0]LogInput: Warning: Action Jump uses invalid key OculusGo_Left_Trigger_Click.
[2023.02.24-14.04.57:400][  0]LogInput: Warning: Action ResetVR uses invalid key OculusGo_Left_Trackpad_Click.
[2023.02.24-14.04.57:400][  0]LogInput: Warning: Use -RemoveInvalidKeys to remove instances of these keys from the action mapping.
[2023.02.24-14.04.57:400][  0]LogLoad: (Engine Initialization) Total time: 5.27 seconds
[2023.02.24-14.04.57:400][  0]LogLoad: (Engine Initialization) Total Blueprint compile time: 0.00 seconds
[2023.02.24-14.04.57:447][  0]LogAssetRegistry: Asset discovery search completed in 3.0794 seconds
[2023.02.24-14.04.57:451][  0]LogCollectionManager: Fixed up redirectors for 0 collections in 0.000003 seconds (updated 0 objects)
[2023.02.24-14.04.57:452][  0]LogContentStreaming: Texture pool size now 1000 MB
[2023.02.24-14.04.57:457][  0]LogSlate: Took 0.000108 seconds to synchronously load lazily loaded font '../../../Engine/Content/Slate/Fonts/Roboto-Regular.ttf' (155K)
[2023.02.24-14.04.57:457][  0]LogSlate: Took 0.000075 seconds to synchronously load lazily loaded font '../../../Engine/Content/Editor/Slate/Fonts/FontAwesome.ttf' (139K)
[2023.02.24-14.04.57:457][  0]LogSlate: Took 0.000076 seconds to synchronously load lazily loaded font '../../../Engine/Content/Slate/Fonts/Roboto-Bold.ttf' (160K)
[2023.02.24-14.04.57:508][  0]LogSlate: Took 0.000139 seconds to synchronously load lazily loaded font '../../../Engine/Content/Slate/Fonts/Roboto-Light.ttf' (167K)
[2023.02.24-14.04.57:531][  2]LogRenderer: Reallocating scene render targets to support 792x384 Format 10 NumSamples 1 (Frame:1).
[2023.02.24-14.05.01:268][222]LogSlate: Took 0.000111 seconds to synchronously load lazily loaded font '../../../Engine/Content/Slate/Fonts/Roboto-Light.ttf' (167K)
[2023.02.24-14.05.01:287][222]LogUObjectHash: Compacting FUObjectHashTables data took   0.45ms
[2023.02.24-14.05.01:302][222]LogSavePackage: Moving '../../../../../../Users/moniq/OneDrive/Documents/Unreal Projects/Progressive-Game-Engine-Project/Engine_Project/Saved/ThirdPersonExampleMap6F4EC86641A48AF5318A6E9515A02E35.tmp' to '../../../../../../Users/moniq/OneDrive/Documents/Unreal Projects/Progressive-Game-Engine-Project/Engine_Project/Content/ThirdPersonBP/Maps/ThirdPersonExampleMap.umap'
[2023.02.24-14.05.01:337][222]LogSavePackage: Moving '../../../../../../Users/moniq/OneDrive/Documents/Unreal Projects/Progressive-Game-Engine-Project/Engine_Project/Saved/ThirdPersonExampleMap_BuiltDataD6A1F3404A93AC289D147BA1A53A1B49.tmp' to '../../../../../../Users/moniq/OneDrive/Documents/Unreal Projects/Progressive-Game-Engine-Project/Engine_Project/Content/ThirdPersonBP/Maps/ThirdPersonExampleMap_BuiltData.uasset'
[2023.02.24-14.05.01:346][222]AssetCheck: New page: Asset Save: multiple assets
[2023.02.24-14.05.01:346][222]LogContentValidation: Display: Validating MapBuildDataRegistry /Game/ThirdPersonBP/Maps/ThirdPersonExampleMap_BuiltData.ThirdPersonExampleMap_BuiltData
[2023.02.24-14.05.01:346][222]LogContentValidation: Display: Validating World /Game/ThirdPersonBP/Maps/ThirdPersonExampleMap.ThirdPersonExampleMap
[2023.02.24-14.05.02:301][279]LogUObjectHash: Compacting FUObjectHashTables data took   0.21ms
[2023.02.24-14.05.02:311][279]LogSavePackage: Moving '../../../../../../Users/moniq/OneDrive/Documents/Unreal Projects/Progressive-Game-Engine-Project/Engine_Project/Saved/ThirdPersonExampleMap7ABE1FED41049D00C4A6DDA5E380A40D.tmp' to '../../../../../../Users/moniq/OneDrive/Documents/Unreal Projects/Progressive-Game-Engine-Project/Engine_Project/Content/ThirdPersonBP/Maps/ThirdPersonExampleMap.umap'
[2023.02.24-14.05.02:332][279]LogSavePackage: Moving '../../../../../../Users/moniq/OneDrive/Documents/Unreal Projects/Progressive-Game-Engine-Project/Engine_Project/Saved/ThirdPersonExampleMap_BuiltDataCF77D5B34DE08FC03EA20FBD87B55998.tmp' to '../../../../../../Users/moniq/OneDrive/Documents/Unreal Projects/Progressive-Game-Engine-Project/Engine_Project/Content/ThirdPersonBP/Maps/ThirdPersonExampleMap_BuiltData.uasset'
[2023.02.24-14.05.02:338][279]AssetCheck: New page: Asset Save: multiple assets
[2023.02.24-14.05.02:338][279]LogContentValidation: Display: Validating MapBuildDataRegistry /Game/ThirdPersonBP/Maps/ThirdPersonExampleMap_BuiltData.ThirdPersonExampleMap_BuiltData
[2023.02.24-14.05.02:338][279]LogContentValidation: Display: Validating World /Game/ThirdPersonBP/Maps/ThirdPersonExampleMap.ThirdPersonExampleMap
